Using pre-set license
Built from '2020.3/staging' branch; Version is '2020.3.6f1 (338bb68529b2) revision 3378102'; Using compiler version '192528614'; Build Type 'Release'
OS: 'Windows 10 Home Single Language; OS build 19042.1052; Version 2009; 64bit' Language: 'pt' Physical Memory: 16243 MB
BatchMode: 1, IsHumanControllingUs: 0, StartBugReporterOnCrash: 0, Is64bit: 1, IsPro: 0

 COMMAND LINE ARGUMENTS:
C:\Program Files\2020.3.6f1\Editor\Unity.exe
-adb2
-batchMode
-noUpm
-name
AssetImportWorker0
-projectPath
C:/Users/miche/Documents/Unity/MothGameMFGJ2001
-logFile
Logs/AssetImportWorker0.log
-srvPort
63998
Successfully changed project path to: C:/Users/miche/Documents/Unity/MothGameMFGJ2001
C:/Users/miche/Documents/Unity/MothGameMFGJ2001
Using Asset Import Pipeline V2.
Refreshing native plugins compatible for Editor in 38.37 ms, found 1 plugins.
Preloading 0 native plugins for Editor in 0.00 ms.
Initialize engine version: 2020.3.6f1 (338bb68529b2)
[Subsystems] Discovering subsystems at path C:/Program Files/2020.3.6f1/Editor/Data/Resources/UnitySubsystems
[Subsystems] Discovering subsystems at path C:/Users/miche/Documents/Unity/MothGameMFGJ2001/Assets
GfxDevice: creating device client; threaded=0
Direct3D:
    Version:  Direct3D 11.0 [level 11.1]
    Renderer: NVIDIA GeForce GTX 1050 Ti (ID=0x1c8c)
    Vendor:   
    VRAM:     4018 MB
    Driver:   27.21.14.5771
Initialize mono
Mono path[0] = 'C:/Program Files/2020.3.6f1/Editor/Data/Managed'
Mono path[1] = 'C:/Program Files/2020.3.6f1/Editor/Data/MonoBleedingEdge/lib/mono/unityjit'
Mono config path = 'C:/Program Files/2020.3.6f1/Editor/Data/MonoBleedingEdge/etc'
Using monoOptions --debugger-agent=transport=dt_socket,embedding=1,server=y,suspend=n,address=127.0.0.1:56016
Begin MonoManager ReloadAssembly
Registering precompiled unity dll's ...
Register platform support module: C:/Program Files/2020.3.6f1/Editor/Data/PlaybackEngines/WebGLSupport/UnityEditor.WebGL.Extensions.dll
Register platform support module: C:/Program Files/2020.3.6f1/Editor/Data/PlaybackEngines/WindowsStandaloneSupport/UnityEditor.WindowsStandalone.Extensions.dll
Registered in 0.003169 seconds.
Native extension for WindowsStandalone target not found
Native extension for WebGL target not found
Refreshing native plugins compatible for Editor in 31.85 ms, found 1 plugins.
Preloading 0 native plugins for Editor in 0.00 ms.
Mono: successfully reloaded assembly
- Completed reload, in  1.272 seconds
Platform modules already initialized, skipping
Registering precompiled user dll's ...
Registered in 0.001388 seconds.
Begin MonoManager ReloadAssembly
Native extension for WindowsStandalone target not found
Native extension for WebGL target not found
Refreshing native plugins compatible for Editor in 32.46 ms, found 1 plugins.
Preloading 0 native plugins for Editor in 0.00 ms.
Mono: successfully reloaded assembly
- Completed reload, in  0.959 seconds
Platform modules already initialized, skipping
========================================================================
Worker process is ready to serve import requests
Launched and connected shader compiler UnityShaderCompiler.exe after 0.05 seconds
Refreshing native plugins compatible for Editor in 0.30 ms, found 1 plugins.
Preloading 0 native plugins for Editor in 0.00 ms.
Unloading 1808 Unused Serialized files (Serialized files now loaded: 0)
System memory in use before: 84.9 MB.
System memory in use after: 84.8 MB.

Unloading 24 unused Assets to reduce memory usage. Loaded Objects now: 2250.
Total: 2.392900 ms (FindLiveObjects: 0.325100 ms CreateObjectMapping: 0.239800 ms MarkObjects: 1.705500 ms  DeleteObjects: 0.121400 ms)

========================================================================
Received Import Request.
  path: Assets
  artifactKey: Guid(00000000000000001000000000000000) Importer(815301076,1909f56bfc062723c751e8b465ee728b)
Start importing Assets using Guid(00000000000000001000000000000000) Importer(815301076,1909f56bfc062723c751e8b465ee728b)  -> (artifact id: '2c602d4445bd9e0e517b9a7c882a2249') in 0.011182 seconds
  Import took 0.117895 seconds .

========================================================================
Received Import Request.
  Time since last request: 0.000704 seconds.
  path: Assets/Scripts
  artifactKey: Guid(d59ee2420168a9940b209ba7a3ed73ef) Importer(815301076,1909f56bfc062723c751e8b465ee728b)
Start importing Assets/Scripts using Guid(d59ee2420168a9940b209ba7a3ed73ef) Importer(815301076,1909f56bfc062723c751e8b465ee728b)  -> (artifact id: '4cb0b3d4148b38491cf7b2e16e069b26') in 0.004215 seconds
  Import took 0.049088 seconds .

========================================================================
Received Import Request.
  Time since last request: 3.486874 seconds.
  path: Assets/Sprites
  artifactKey: Guid(7df57523b5fcfda49b236aa192f90d13) Importer(815301076,1909f56bfc062723c751e8b465ee728b)
Start importing Assets/Sprites using Guid(7df57523b5fcfda49b236aa192f90d13) Importer(815301076,1909f56bfc062723c751e8b465ee728b)  -> (artifact id: '8931a86c5477a022c0e2447bffda2ae5') in 0.002831 seconds
  Import took 0.006562 seconds .

========================================================================
Received Import Request.
  Time since last request: 84.573578 seconds.
  path: Assets/Scenes
  artifactKey: Guid(3c15607f85968d8459b324d58af93797) Importer(815301076,1909f56bfc062723c751e8b465ee728b)
Start importing Assets/Scenes using Guid(3c15607f85968d8459b324d58af93797) Importer(815301076,1909f56bfc062723c751e8b465ee728b)  -> (artifact id: '893267a66514e0bde0293f00ac68e5bd') in 0.002574 seconds
  Import took 0.006164 seconds .

========================================================================
Received Import Request.
  Time since last request: 0.001439 seconds.
  path: Assets/Scenes
  artifactKey: Guid(3c15607f85968d8459b324d58af93797) Importer(815301076,1909f56bfc062723c751e8b465ee728b)
Start importing Assets/Scenes using Guid(3c15607f85968d8459b324d58af93797) Importer(815301076,1909f56bfc062723c751e8b465ee728b)  -> (artifact id: '893267a66514e0bde0293f00ac68e5bd') in 0.002430 seconds
  Import took 0.037521 seconds .

========================================================================
Received Import Request.
  Time since last request: 19.583897 seconds.
  path: Assets/Scenes/Stage.unity
  artifactKey: Guid(8382daf9e3a53d34ba1979fbc2dec1f6) Importer(815301076,1909f56bfc062723c751e8b465ee728b)
Start importing Assets/Scenes/Stage.unity using Guid(8382daf9e3a53d34ba1979fbc2dec1f6) Importer(815301076,1909f56bfc062723c751e8b465ee728b)  -> (artifact id: 'e77f37f925c6cc72b5c13166d410ec2e') in 0.021137 seconds
  Import took 0.044310 seconds .

========================================================================
Received Import Request.
  Time since last request: 4.490624 seconds.
  path: Assets/Scenes/SampleScene.unity
  artifactKey: Guid(2cda990e2423bbf4892e6590ba056729) Importer(815301076,1909f56bfc062723c751e8b465ee728b)
Start importing Assets/Scenes/SampleScene.unity using Guid(2cda990e2423bbf4892e6590ba056729) Importer(815301076,1909f56bfc062723c751e8b465ee728b)  -> (artifact id: 'caf595eaeb10e7fcd37cdd758b995f25') in 0.003656 seconds
  Import took 0.026611 seconds .

========================================================================
Received Prepare
Registering precompiled user dll's ...
Registered in 0.001239 seconds.
Begin MonoManager ReloadAssembly
Native extension for WindowsStandalone target not found
Native extension for WebGL target not found
Refreshing native plugins compatible for Editor in 0.33 ms, found 1 plugins.
Preloading 0 native plugins for Editor in 0.00 ms.
Invalid AssetDatabase path: /Editor/EditorResources/cm_logo_sm.png. Use path relative to the project folder.
UnityEngine.StackTraceUtility:ExtractStackTrace ()
UnityEditor.AssetDatabase:LoadAssetAtPath<UnityEngine.Texture2D> (string)
Cinemachine.Editor.CinemachineSettings:get_CinemachineLogoTexture () (at Library/PackageCache/com.unity.cinemachine@2.6.5/Editor/Windows/CinemachineSettings.cs:205)
Cinemachine.Editor.CinemachineSettings:.cctor () (at Library/PackageCache/com.unity.cinemachine@2.6.5/Editor/Windows/CinemachineSettings.cs:237)
Cinemachine.CinemachineColliderPrefs:.cctor () (at Library/PackageCache/com.unity.cinemachine@2.6.5/Editor/Windows/CinemachineColliderPrefs.cs:61)
System.Runtime.CompilerServices.RuntimeHelpers:RunClassConstructor (System.RuntimeTypeHandle)
UnityEditor.EditorAssemblies:ProcessInitializeOnLoadAttributes (System.Type[])

[Library/PackageCache/com.unity.cinemachine@2.6.5/Editor/Windows/CinemachineSettings.cs line 205]

Mono: successfully reloaded assembly
- Completed reload, in  0.884 seconds
Platform modules already initialized, skipping
Refreshing native plugins compatible for Editor in 0.32 ms, found 1 plugins.
Preloading 0 native plugins for Editor in 0.00 ms.
Unloading 1949 Unused Serialized files (Serialized files now loaded: 0)
System memory in use before: 89.9 MB.
System memory in use after: 89.8 MB.

Unloading 13 unused Assets to reduce memory usage. Loaded Objects now: 2399.
Total: 2.078600 ms (FindLiveObjects: 0.174700 ms CreateObjectMapping: 0.067700 ms MarkObjects: 1.731600 ms  DeleteObjects: 0.103200 ms)

========================================================================
Received Prepare
Registering precompiled user dll's ...
Registered in 0.001344 seconds.
Begin MonoManager ReloadAssembly
Native extension for WindowsStandalone target not found
Native extension for WebGL target not found
Refreshing native plugins compatible for Editor in 0.33 ms, found 1 plugins.
Preloading 0 native plugins for Editor in 0.00 ms.
Mono: successfully reloaded assembly
- Completed reload, in  0.859 seconds
Platform modules already initialized, skipping
Refreshing native plugins compatible for Editor in 0.32 ms, found 1 plugins.
Preloading 0 native plugins for Editor in 0.00 ms.
Unloading 1950 Unused Serialized files (Serialized files now loaded: 0)
System memory in use before: 90.0 MB.
System memory in use after: 90.0 MB.

Unloading 14 unused Assets to reduce memory usage. Loaded Objects now: 2404.
Total: 6.108400 ms (FindLiveObjects: 0.489100 ms CreateObjectMapping: 0.226200 ms MarkObjects: 5.115000 ms  DeleteObjects: 0.275200 ms)

========================================================================
Received Prepare
Registering precompiled user dll's ...
Registered in 0.001818 seconds.
Begin MonoManager ReloadAssembly
Native extension for WindowsStandalone target not found
Native extension for WebGL target not found
Refreshing native plugins compatible for Editor in 0.34 ms, found 1 plugins.
Preloading 0 native plugins for Editor in 0.00 ms.
Mono: successfully reloaded assembly
- Completed reload, in  0.878 seconds
Platform modules already initialized, skipping
Refreshing native plugins compatible for Editor in 0.32 ms, found 1 plugins.
Preloading 0 native plugins for Editor in 0.00 ms.
Unloading 1950 Unused Serialized files (Serialized files now loaded: 0)
System memory in use before: 90.0 MB.
System memory in use after: 90.0 MB.

Unloading 14 unused Assets to reduce memory usage. Loaded Objects now: 2409.
Total: 2.160400 ms (FindLiveObjects: 0.198300 ms CreateObjectMapping: 0.080200 ms MarkObjects: 1.779200 ms  DeleteObjects: 0.102100 ms)

========================================================================
Received Import Request.
  Time since last request: 339.307900 seconds.
  path: Assets/MothController.cs
  artifactKey: Guid(25a7aa52b11bc1d4c8a593ffa73a3bcd) Importer(815301076,1909f56bfc062723c751e8b465ee728b)
Start importing Assets/MothController.cs using Guid(25a7aa52b11bc1d4c8a593ffa73a3bcd) Importer(815301076,1909f56bfc062723c751e8b465ee728b)  -> (artifact id: '7ff4f8c63f34fd7824e267d5932a7de3') in 0.054552 seconds
  Import took 0.057250 seconds .

========================================================================
Received Prepare
Registering precompiled user dll's ...
Registered in 0.001281 seconds.
Begin MonoManager ReloadAssembly
Native extension for WindowsStandalone target not found
Native extension for WebGL target not found
Refreshing native plugins compatible for Editor in 0.32 ms, found 1 plugins.
Preloading 0 native plugins for Editor in 0.00 ms.
Mono: successfully reloaded assembly
- Completed reload, in  0.917 seconds
Platform modules already initialized, skipping
Refreshing native plugins compatible for Editor in 0.32 ms, found 1 plugins.
Preloading 0 native plugins for Editor in 0.00 ms.
Unloading 1950 Unused Serialized files (Serialized files now loaded: 0)
System memory in use before: 90.1 MB.
System memory in use after: 90.0 MB.

Unloading 14 unused Assets to reduce memory usage. Loaded Objects now: 2413.
Total: 4.382000 ms (FindLiveObjects: 0.302500 ms CreateObjectMapping: 0.157400 ms MarkObjects: 3.719000 ms  DeleteObjects: 0.201300 ms)

========================================================================
Received Prepare
Registering precompiled user dll's ...
Registered in 0.001231 seconds.
Begin MonoManager ReloadAssembly
Native extension for WindowsStandalone target not found
Native extension for WebGL target not found
Refreshing native plugins compatible for Editor in 0.34 ms, found 1 plugins.
Preloading 0 native plugins for Editor in 0.00 ms.
Mono: successfully reloaded assembly
- Completed reload, in  1.257 seconds
Platform modules already initialized, skipping
Refreshing native plugins compatible for Editor in 0.32 ms, found 1 plugins.
Preloading 0 native plugins for Editor in 0.00 ms.
Unloading 1950 Unused Serialized files (Serialized files now loaded: 0)
System memory in use before: 90.1 MB.
System memory in use after: 90.0 MB.

Unloading 14 unused Assets to reduce memory usage. Loaded Objects now: 2417.
Total: 2.120500 ms (FindLiveObjects: 0.188000 ms CreateObjectMapping: 0.062000 ms MarkObjects: 1.751800 ms  DeleteObjects: 0.117700 ms)

========================================================================
Received Prepare
Registering precompiled user dll's ...
Registered in 0.001238 seconds.
Begin MonoManager ReloadAssembly
Native extension for WindowsStandalone target not found
Native extension for WebGL target not found
Refreshing native plugins compatible for Editor in 0.38 ms, found 1 plugins.
Preloading 0 native plugins for Editor in 0.00 ms.
Mono: successfully reloaded assembly
- Completed reload, in  0.886 seconds
Platform modules already initialized, skipping
Refreshing native plugins compatible for Editor in 0.33 ms, found 1 plugins.
Preloading 0 native plugins for Editor in 0.00 ms.
Unloading 1950 Unused Serialized files (Serialized files now loaded: 0)
System memory in use before: 90.1 MB.
System memory in use after: 90.0 MB.

Unloading 14 unused Assets to reduce memory usage. Loaded Objects now: 2421.
Total: 2.340000 ms (FindLiveObjects: 0.240400 ms CreateObjectMapping: 0.069700 ms MarkObjects: 1.869200 ms  DeleteObjects: 0.159700 ms)

========================================================================
Received Prepare
Registering precompiled user dll's ...
Registered in 0.001344 seconds.
Begin MonoManager ReloadAssembly
Native extension for WindowsStandalone target not found
Native extension for WebGL target not found
Refreshing native plugins compatible for Editor in 0.36 ms, found 1 plugins.
Preloading 0 native plugins for Editor in 0.00 ms.
Mono: successfully reloaded assembly
- Completed reload, in  0.890 seconds
Platform modules already initialized, skipping
Refreshing native plugins compatible for Editor in 0.34 ms, found 1 plugins.
Preloading 0 native plugins for Editor in 0.00 ms.
Unloading 1950 Unused Serialized files (Serialized files now loaded: 0)
System memory in use before: 90.1 MB.
System memory in use after: 90.0 MB.

Unloading 14 unused Assets to reduce memory usage. Loaded Objects now: 2425.
Total: 2.588100 ms (FindLiveObjects: 0.297400 ms CreateObjectMapping: 0.113600 ms MarkObjects: 2.027500 ms  DeleteObjects: 0.148600 ms)

========================================================================
Received Prepare
Registering precompiled user dll's ...
Registered in 0.001326 seconds.
Begin MonoManager ReloadAssembly
Native extension for WindowsStandalone target not found
Native extension for WebGL target not found
Refreshing native plugins compatible for Editor in 0.41 ms, found 1 plugins.
Preloading 0 native plugins for Editor in 0.00 ms.
Mono: successfully reloaded assembly
- Completed reload, in  0.875 seconds
Platform modules already initialized, skipping
Refreshing native plugins compatible for Editor in 0.32 ms, found 1 plugins.
Preloading 0 native plugins for Editor in 0.00 ms.
Unloading 1950 Unused Serialized files (Serialized files now loaded: 0)
System memory in use before: 90.1 MB.
System memory in use after: 90.0 MB.

Unloading 14 unused Assets to reduce memory usage. Loaded Objects now: 2429.
Total: 2.203600 ms (FindLiveObjects: 0.198400 ms CreateObjectMapping: 0.087300 ms MarkObjects: 1.803800 ms  DeleteObjects: 0.113200 ms)

========================================================================
Received Import Request.
  Time since last request: 1381.308666 seconds.
  path: Assets/Prefabs
  artifactKey: Guid(8e0332c0aa416f34ba24224ec6a3acd9) Importer(815301076,1909f56bfc062723c751e8b465ee728b)
Start importing Assets/Prefabs using Guid(8e0332c0aa416f34ba24224ec6a3acd9) Importer(815301076,1909f56bfc062723c751e8b465ee728b)  -> (artifact id: '084c3685387d9530c244c8bea9754017') in 0.006203 seconds
  Import took 0.420914 seconds .

========================================================================
Received Import Request.
  Time since last request: 2.663959 seconds.
  path: Assets/Prefabs/Moth.prefab
  artifactKey: Guid(634d9397da68b2942bea8c9bb6825973) Importer(815301076,1909f56bfc062723c751e8b465ee728b)
Start importing Assets/Prefabs/Moth.prefab using Guid(634d9397da68b2942bea8c9bb6825973) Importer(815301076,1909f56bfc062723c751e8b465ee728b)  -> (artifact id: '377c53ed5437733cffb8417367b4ee47') in 0.409996 seconds
  Import took 0.413122 seconds .

========================================================================
Received Prepare
Registering precompiled user dll's ...
Registered in 0.001267 seconds.
Begin MonoManager ReloadAssembly
Native extension for WindowsStandalone target not found
Native extension for WebGL target not found
Refreshing native plugins compatible for Editor in 0.37 ms, found 1 plugins.
Preloading 0 native plugins for Editor in 0.00 ms.
Mono: successfully reloaded assembly
- Completed reload, in  0.900 seconds
Platform modules already initialized, skipping
Refreshing native plugins compatible for Editor in 0.34 ms, found 1 plugins.
Preloading 0 native plugins for Editor in 0.00 ms.
Unloading 1951 Unused Serialized files (Serialized files now loaded: 0)
System memory in use before: 93.2 MB.
System memory in use after: 93.2 MB.

Unloading 14 unused Assets to reduce memory usage. Loaded Objects now: 2441.
Total: 2.170700 ms (FindLiveObjects: 0.185400 ms CreateObjectMapping: 0.065000 ms MarkObjects: 1.815500 ms  DeleteObjects: 0.103900 ms)

========================================================================
Received Import Request.
  Time since last request: 199.227484 seconds.
  path: Assets/Scripts/BulbBehaviour.cs
  artifactKey: Guid(a2c2ab0f2a1f289478a0c7c59f81a5e0) Importer(815301076,1909f56bfc062723c751e8b465ee728b)
Start importing Assets/Scripts/BulbBehaviour.cs using Guid(a2c2ab0f2a1f289478a0c7c59f81a5e0) Importer(815301076,1909f56bfc062723c751e8b465ee728b)  -> (artifact id: '7467ce92a8b4ef4c1169241e53827ba2') in 0.005594 seconds
  Import took 0.008679 seconds .

========================================================================
Received Prepare
Registering precompiled user dll's ...
Registered in 0.001777 seconds.
Begin MonoManager ReloadAssembly
Native extension for WindowsStandalone target not found
Native extension for WebGL target not found
Refreshing native plugins compatible for Editor in 0.34 ms, found 1 plugins.
Preloading 0 native plugins for Editor in 0.00 ms.
Mono: successfully reloaded assembly
- Completed reload, in  0.929 seconds
Platform modules already initialized, skipping
Refreshing native plugins compatible for Editor in 0.33 ms, found 1 plugins.
Preloading 0 native plugins for Editor in 0.00 ms.
Unloading 1951 Unused Serialized files (Serialized files now loaded: 0)
System memory in use before: 93.2 MB.
System memory in use after: 93.2 MB.

Unloading 14 unused Assets to reduce memory usage. Loaded Objects now: 2445.
Total: 2.468400 ms (FindLiveObjects: 0.307300 ms CreateObjectMapping: 0.206700 ms MarkObjects: 1.797500 ms  DeleteObjects: 0.155600 ms)

========================================================================
Received Import Request.
  Time since last request: 255.093876 seconds.
  path: Assets/Prefabs/Moth.prefab
  artifactKey: Guid(634d9397da68b2942bea8c9bb6825973) Importer(815301076,1909f56bfc062723c751e8b465ee728b)
Start importing Assets/Prefabs/Moth.prefab using Guid(634d9397da68b2942bea8c9bb6825973) Importer(815301076,1909f56bfc062723c751e8b465ee728b)  -> (artifact id: 'a44f4ff21dea65291a0ec6c34e23988e') in 0.057170 seconds
  Import took 0.083794 seconds .

========================================================================
Received Import Request.
  Time since last request: 11.972188 seconds.
  path: ProjectSettings/TagManager.asset
  artifactKey: Guid(00000000000000003000000000000000) Importer(815301076,1909f56bfc062723c751e8b465ee728b)
Start importing ProjectSettings/TagManager.asset using Guid(00000000000000003000000000000000) Importer(815301076,1909f56bfc062723c751e8b465ee728b)  -> (artifact id: '5ff736e781c9396eb3a9ebe5d00f0cbb') in 0.006608 seconds
  Import took 0.056244 seconds .

========================================================================
Received Prepare
Registering precompiled user dll's ...
Registered in 0.001312 seconds.
Begin MonoManager ReloadAssembly
Native extension for WindowsStandalone target not found
Native extension for WebGL target not found
Refreshing native plugins compatible for Editor in 0.33 ms, found 1 plugins.
Preloading 0 native plugins for Editor in 0.00 ms.
Mono: successfully reloaded assembly
- Completed reload, in  0.917 seconds
Platform modules already initialized, skipping
Refreshing native plugins compatible for Editor in 0.37 ms, found 1 plugins.
Preloading 0 native plugins for Editor in 0.00 ms.
Unloading 1951 Unused Serialized files (Serialized files now loaded: 0)
System memory in use before: 93.3 MB.
System memory in use after: 93.2 MB.

Unloading 15 unused Assets to reduce memory usage. Loaded Objects now: 2450.
Total: 2.302000 ms (FindLiveObjects: 0.261000 ms CreateObjectMapping: 0.090000 ms MarkObjects: 1.837500 ms  DeleteObjects: 0.112600 ms)

========================================================================
Received Prepare
Registering precompiled user dll's ...
Registered in 0.001279 seconds.
Begin MonoManager ReloadAssembly
Native extension for WindowsStandalone target not found
Native extension for WebGL target not found
Refreshing native plugins compatible for Editor in 0.34 ms, found 1 plugins.
Preloading 0 native plugins for Editor in 0.00 ms.
Mono: successfully reloaded assembly
- Completed reload, in  0.862 seconds
Platform modules already initialized, skipping
Refreshing native plugins compatible for Editor in 0.33 ms, found 1 plugins.
Preloading 0 native plugins for Editor in 0.00 ms.
Unloading 1951 Unused Serialized files (Serialized files now loaded: 0)
System memory in use before: 93.3 MB.
System memory in use after: 93.2 MB.

Unloading 14 unused Assets to reduce memory usage. Loaded Objects now: 2454.
Total: 2.176300 ms (FindLiveObjects: 0.196800 ms CreateObjectMapping: 0.070800 ms MarkObjects: 1.796300 ms  DeleteObjects: 0.111400 ms)

========================================================================
Received Prepare
Registering precompiled user dll's ...
Registered in 0.001317 seconds.
Begin MonoManager ReloadAssembly
Native extension for WindowsStandalone target not found
Native extension for WebGL target not found
Refreshing native plugins compatible for Editor in 0.34 ms, found 1 plugins.
Preloading 0 native plugins for Editor in 0.00 ms.
Mono: successfully reloaded assembly
- Completed reload, in  0.877 seconds
Platform modules already initialized, skipping
Refreshing native plugins compatible for Editor in 0.32 ms, found 1 plugins.
Preloading 0 native plugins for Editor in 0.00 ms.
Unloading 1951 Unused Serialized files (Serialized files now loaded: 0)
System memory in use before: 93.3 MB.
System memory in use after: 93.2 MB.

Unloading 14 unused Assets to reduce memory usage. Loaded Objects now: 2458.
Total: 2.214900 ms (FindLiveObjects: 0.208000 ms CreateObjectMapping: 0.098100 ms MarkObjects: 1.794300 ms  DeleteObjects: 0.113500 ms)

========================================================================
Received Import Request.
  Time since last request: 466.919845 seconds.
  path: Assets/Prefabs/Bulb.prefab
  artifactKey: Guid(9088ea5809230fa4e87b4faad6009213) Importer(815301076,1909f56bfc062723c751e8b465ee728b)
Start importing Assets/Prefabs/Bulb.prefab using Guid(9088ea5809230fa4e87b4faad6009213) Importer(815301076,1909f56bfc062723c751e8b465ee728b)  -> (artifact id: '83d9c6ded9592e03ee28d510fecccbaa') in 0.053876 seconds
  Import took 0.079820 seconds .

========================================================================
Received Import Request.
  Time since last request: 0.005468 seconds.
  path: Assets/Prefabs/Bulb.prefab
  artifactKey: Guid(9088ea5809230fa4e87b4faad6009213) Importer(815301076,1909f56bfc062723c751e8b465ee728b)
Start importing Assets/Prefabs/Bulb.prefab using Guid(9088ea5809230fa4e87b4faad6009213) Importer(815301076,1909f56bfc062723c751e8b465ee728b)  -> (artifact id: '83d9c6ded9592e03ee28d510fecccbaa') in 0.008281 seconds
  Import took 0.011211 seconds .

========================================================================
Received Import Request.
  Time since last request: 6.992543 seconds.
  path: Assets/Prefabs/Bulb.prefab
  artifactKey: Guid(9088ea5809230fa4e87b4faad6009213) Importer(815301076,1909f56bfc062723c751e8b465ee728b)
Start importing Assets/Prefabs/Bulb.prefab using Guid(9088ea5809230fa4e87b4faad6009213) Importer(815301076,1909f56bfc062723c751e8b465ee728b)  -> (artifact id: '4a8f871544c19b297590c15c2c169352') in 0.008835 seconds
  Import took 0.818102 seconds .

========================================================================
Received Import Request.
  Time since last request: 2.727805 seconds.
  path: Assets/Prefabs/Bulb.prefab
  artifactKey: Guid(9088ea5809230fa4e87b4faad6009213) Importer(815301076,1909f56bfc062723c751e8b465ee728b)
Start importing Assets/Prefabs/Bulb.prefab using Guid(9088ea5809230fa4e87b4faad6009213) Importer(815301076,1909f56bfc062723c751e8b465ee728b)  -> (artifact id: '7e47643d1e4629cbf79b177d2cdbff38') in 0.012139 seconds
  Import took 0.015560 seconds .

========================================================================
Received Import Request.
  Time since last request: 8.227634 seconds.
  path: Assets/Prefabs/Moth.prefab
  artifactKey: Guid(634d9397da68b2942bea8c9bb6825973) Importer(815301076,1909f56bfc062723c751e8b465ee728b)
Start importing Assets/Prefabs/Moth.prefab using Guid(634d9397da68b2942bea8c9bb6825973) Importer(815301076,1909f56bfc062723c751e8b465ee728b)  -> (artifact id: 'ccb248bd8d2d858c9e3f2dde52d54a5a') in 0.010291 seconds
  Import took 0.013179 seconds .

========================================================================
Received Prepare
Registering precompiled user dll's ...
Registered in 0.001341 seconds.
Begin MonoManager ReloadAssembly
Native extension for WindowsStandalone target not found
Native extension for WebGL target not found
Refreshing native plugins compatible for Editor in 0.33 ms, found 1 plugins.
Preloading 0 native plugins for Editor in 0.00 ms.
Mono: successfully reloaded assembly
- Completed reload, in  0.846 seconds
Platform modules already initialized, skipping
Refreshing native plugins compatible for Editor in 0.33 ms, found 1 plugins.
Preloading 0 native plugins for Editor in 0.00 ms.
Unloading 1951 Unused Serialized files (Serialized files now loaded: 0)
System memory in use before: 93.3 MB.
System memory in use after: 93.3 MB.

Unloading 14 unused Assets to reduce memory usage. Loaded Objects now: 2463.
Total: 2.202300 ms (FindLiveObjects: 0.260500 ms CreateObjectMapping: 0.067400 ms MarkObjects: 1.728700 ms  DeleteObjects: 0.145000 ms)

========================================================================
Received Prepare
Registering precompiled user dll's ...
Registered in 0.001239 seconds.
Begin MonoManager ReloadAssembly
Native extension for WindowsStandalone target not found
Native extension for WebGL target not found
Refreshing native plugins compatible for Editor in 0.33 ms, found 1 plugins.
Preloading 0 native plugins for Editor in 0.00 ms.
Mono: successfully reloaded assembly
- Completed reload, in  0.898 seconds
Platform modules already initialized, skipping
Refreshing native plugins compatible for Editor in 0.34 ms, found 1 plugins.
Preloading 0 native plugins for Editor in 0.00 ms.
Unloading 1951 Unused Serialized files (Serialized files now loaded: 0)
System memory in use before: 93.3 MB.
System memory in use after: 93.3 MB.

Unloading 14 unused Assets to reduce memory usage. Loaded Objects now: 2467.
Total: 2.644000 ms (FindLiveObjects: 0.368400 ms CreateObjectMapping: 0.117600 ms MarkObjects: 2.037500 ms  DeleteObjects: 0.118700 ms)

========================================================================
Received Prepare
Registering precompiled user dll's ...
Registered in 0.001273 seconds.
Begin MonoManager ReloadAssembly
Native extension for WindowsStandalone target not found
Native extension for WebGL target not found
Refreshing native plugins compatible for Editor in 0.34 ms, found 1 plugins.
Preloading 0 native plugins for Editor in 0.00 ms.
Mono: successfully reloaded assembly
- Completed reload, in  0.872 seconds
Platform modules already initialized, skipping
Refreshing native plugins compatible for Editor in 0.33 ms, found 1 plugins.
Preloading 0 native plugins for Editor in 0.00 ms.
Unloading 1952 Unused Serialized files (Serialized files now loaded: 0)
System memory in use before: 93.3 MB.
System memory in use after: 93.3 MB.

Unloading 14 unused Assets to reduce memory usage. Loaded Objects now: 2472.
Total: 2.208500 ms (FindLiveObjects: 0.198300 ms CreateObjectMapping: 0.075700 ms MarkObjects: 1.818000 ms  DeleteObjects: 0.115500 ms)

========================================================================
Received Import Request.
  Time since last request: 502.133741 seconds.
  path: Assets/Scripts/GameParameters.cs
  artifactKey: Guid(fdb790860022a0146ada05c4077a8f55) Importer(815301076,1909f56bfc062723c751e8b465ee728b)
Start importing Assets/Scripts/GameParameters.cs using Guid(fdb790860022a0146ada05c4077a8f55) Importer(815301076,1909f56bfc062723c751e8b465ee728b)  -> (artifact id: '888009f05c24080fc5ee87cd9a4287b9') in 0.005267 seconds
  Import took 0.008258 seconds .

========================================================================
Received Prepare
Registering precompiled user dll's ...
Registered in 0.001855 seconds.
Begin MonoManager ReloadAssembly
Native extension for WindowsStandalone target not found
Native extension for WebGL target not found
Refreshing native plugins compatible for Editor in 0.53 ms, found 1 plugins.
Preloading 0 native plugins for Editor in 0.00 ms.
Mono: successfully reloaded assembly
- Completed reload, in  0.908 seconds
Platform modules already initialized, skipping
Refreshing native plugins compatible for Editor in 0.35 ms, found 1 plugins.
Preloading 0 native plugins for Editor in 0.00 ms.
Unloading 1952 Unused Serialized files (Serialized files now loaded: 0)
System memory in use before: 93.3 MB.
System memory in use after: 93.3 MB.

Unloading 14 unused Assets to reduce memory usage. Loaded Objects now: 2476.
Total: 2.289300 ms (FindLiveObjects: 0.242800 ms CreateObjectMapping: 0.094300 ms MarkObjects: 1.837100 ms  DeleteObjects: 0.114000 ms)

========================================================================
Received Prepare
Registering precompiled user dll's ...
Registered in 0.001334 seconds.
Begin MonoManager ReloadAssembly
Native extension for WindowsStandalone target not found
Native extension for WebGL target not found
Refreshing native plugins compatible for Editor in 0.36 ms, found 1 plugins.
Preloading 0 native plugins for Editor in 0.00 ms.
Mono: successfully reloaded assembly
- Completed reload, in  0.888 seconds
Platform modules already initialized, skipping
Refreshing native plugins compatible for Editor in 0.38 ms, found 1 plugins.
Preloading 0 native plugins for Editor in 0.00 ms.
Unloading 1952 Unused Serialized files (Serialized files now loaded: 0)
System memory in use before: 93.4 MB.
System memory in use after: 93.3 MB.

Unloading 14 unused Assets to reduce memory usage. Loaded Objects now: 2480.
Total: 2.219700 ms (FindLiveObjects: 0.249200 ms CreateObjectMapping: 0.088200 ms MarkObjects: 1.759700 ms  DeleteObjects: 0.121900 ms)

========================================================================
Received Import Request.
  Time since last request: 510.670347 seconds.
  path: Assets/Scripts/GameParameters.cs
  artifactKey: Guid(fdb790860022a0146ada05c4077a8f55) Importer(815301076,1909f56bfc062723c751e8b465ee728b)
Start importing Assets/Scripts/GameParameters.cs using Guid(fdb790860022a0146ada05c4077a8f55) Importer(815301076,1909f56bfc062723c751e8b465ee728b)  -> (artifact id: '36ca67f990964d79d030644d7c766737') in 0.005067 seconds
  Import took 0.190064 seconds .

========================================================================
Received Prepare
Registering precompiled user dll's ...
Registered in 0.001334 seconds.
Begin MonoManager ReloadAssembly
Native extension for WindowsStandalone target not found
Native extension for WebGL target not found
Refreshing native plugins compatible for Editor in 0.34 ms, found 1 plugins.
Preloading 0 native plugins for Editor in 0.00 ms.
Mono: successfully reloaded assembly
- Completed reload, in  0.917 seconds
Platform modules already initialized, skipping
Refreshing native plugins compatible for Editor in 0.37 ms, found 1 plugins.
Preloading 0 native plugins for Editor in 0.00 ms.
Unloading 1953 Unused Serialized files (Serialized files now loaded: 0)
System memory in use before: 93.4 MB.
System memory in use after: 93.3 MB.

Unloading 14 unused Assets to reduce memory usage. Loaded Objects now: 2485.
Total: 2.129700 ms (FindLiveObjects: 0.205900 ms CreateObjectMapping: 0.079700 ms MarkObjects: 1.737100 ms  DeleteObjects: 0.106100 ms)

========================================================================
Received Import Request.
  Time since last request: 31.510616 seconds.
  path: Assets/SpawnManager.cs
  artifactKey: Guid(715b66d561d8a75458301b34a6a56ee1) Importer(815301076,1909f56bfc062723c751e8b465ee728b)
Start importing Assets/SpawnManager.cs using Guid(715b66d561d8a75458301b34a6a56ee1) Importer(815301076,1909f56bfc062723c751e8b465ee728b)  -> (artifact id: '538541f145a95485296b791c216bf3a8') in 0.004703 seconds
  Import took 0.007420 seconds .

========================================================================
Received Prepare
Registering precompiled user dll's ...
Registered in 0.001216 seconds.
Begin MonoManager ReloadAssembly
Native extension for WindowsStandalone target not found
Native extension for WebGL target not found
Refreshing native plugins compatible for Editor in 0.34 ms, found 1 plugins.
Preloading 0 native plugins for Editor in 0.00 ms.
Mono: successfully reloaded assembly
- Completed reload, in  0.907 seconds
Platform modules already initialized, skipping
Refreshing native plugins compatible for Editor in 0.33 ms, found 1 plugins.
Preloading 0 native plugins for Editor in 0.00 ms.
Unloading 1953 Unused Serialized files (Serialized files now loaded: 0)
System memory in use before: 93.4 MB.
System memory in use after: 93.3 MB.

Unloading 14 unused Assets to reduce memory usage. Loaded Objects now: 2489.
Total: 2.175100 ms (FindLiveObjects: 0.186900 ms CreateObjectMapping: 0.077900 ms MarkObjects: 1.801200 ms  DeleteObjects: 0.108200 ms)

========================================================================
Received Import Request.
  Time since last request: 758.663390 seconds.
  path: Assets/Scripts/MoveForward2D.cs
  artifactKey: Guid(43d2926671b2d484bba2561424a29a7e) Importer(815301076,1909f56bfc062723c751e8b465ee728b)
Start importing Assets/Scripts/MoveForward2D.cs using Guid(43d2926671b2d484bba2561424a29a7e) Importer(815301076,1909f56bfc062723c751e8b465ee728b)  -> (artifact id: 'f57016961e79cd8b2e6258e000fa3382') in 0.009062 seconds
  Import took 0.012965 seconds .

========================================================================
Received Prepare
Registering precompiled user dll's ...
Registered in 0.001262 seconds.
Begin MonoManager ReloadAssembly
Native extension for WindowsStandalone target not found
Native extension for WebGL target not found
Refreshing native plugins compatible for Editor in 0.36 ms, found 1 plugins.
Preloading 0 native plugins for Editor in 0.00 ms.
Mono: successfully reloaded assembly
- Completed reload, in  0.994 seconds
Platform modules already initialized, skipping
Refreshing native plugins compatible for Editor in 0.34 ms, found 1 plugins.
Preloading 0 native plugins for Editor in 0.00 ms.
Unloading 1954 Unused Serialized files (Serialized files now loaded: 0)
System memory in use before: 93.4 MB.
System memory in use after: 93.4 MB.

Unloading 14 unused Assets to reduce memory usage. Loaded Objects now: 2494.
Total: 2.371700 ms (FindLiveObjects: 0.321200 ms CreateObjectMapping: 0.122300 ms MarkObjects: 1.813000 ms  DeleteObjects: 0.113800 ms)

========================================================================
Received Prepare
Registering precompiled user dll's ...
Registered in 0.001304 seconds.
Begin MonoManager ReloadAssembly
Native extension for WindowsStandalone target not found
Native extension for WebGL target not found
Refreshing native plugins compatible for Editor in 0.34 ms, found 1 plugins.
Preloading 0 native plugins for Editor in 0.00 ms.
Mono: successfully reloaded assembly
- Completed reload, in  0.929 seconds
Platform modules already initialized, skipping
Refreshing native plugins compatible for Editor in 0.42 ms, found 1 plugins.
Preloading 0 native plugins for Editor in 0.00 ms.
Unloading 1954 Unused Serialized files (Serialized files now loaded: 0)
System memory in use before: 93.4 MB.
System memory in use after: 93.4 MB.

Unloading 14 unused Assets to reduce memory usage. Loaded Objects now: 2498.
Total: 2.336000 ms (FindLiveObjects: 0.219000 ms CreateObjectMapping: 0.079400 ms MarkObjects: 1.911000 ms  DeleteObjects: 0.124900 ms)

========================================================================
Received Import Request.
  Time since last request: 276.845782 seconds.
  path: Assets/Scripts/MoveForward2D.cs
  artifactKey: Guid(43d2926671b2d484bba2561424a29a7e) Importer(815301076,1909f56bfc062723c751e8b465ee728b)
Start importing Assets/Scripts/MoveForward2D.cs using Guid(43d2926671b2d484bba2561424a29a7e) Importer(815301076,1909f56bfc062723c751e8b465ee728b)  -> (artifact id: '4da1f49b15df5acf9309979287188ae7') in 0.004845 seconds
  Import took 0.021130 seconds .

========================================================================
Received Import Request.
  Time since last request: 7.550723 seconds.
  path: Assets/Prefabs/Bulb.prefab
  artifactKey: Guid(9088ea5809230fa4e87b4faad6009213) Importer(815301076,1909f56bfc062723c751e8b465ee728b)
Start importing Assets/Prefabs/Bulb.prefab using Guid(9088ea5809230fa4e87b4faad6009213) Importer(815301076,1909f56bfc062723c751e8b465ee728b)  -> (artifact id: '01ff628889f9dc0496a2f547fe1686e1') in 0.101693 seconds
  Import took 0.105262 seconds .

========================================================================
Received Prepare
Registering precompiled user dll's ...
Registered in 0.001240 seconds.
Begin MonoManager ReloadAssembly
Native extension for WindowsStandalone target not found
Native extension for WebGL target not found
Refreshing native plugins compatible for Editor in 0.34 ms, found 1 plugins.
Preloading 0 native plugins for Editor in 0.00 ms.
Mono: successfully reloaded assembly
- Completed reload, in  0.839 seconds
Platform modules already initialized, skipping
Refreshing native plugins compatible for Editor in 0.33 ms, found 1 plugins.
Preloading 0 native plugins for Editor in 0.00 ms.
Unloading 1954 Unused Serialized files (Serialized files now loaded: 0)
System memory in use before: 93.4 MB.
System memory in use after: 93.4 MB.

Unloading 14 unused Assets to reduce memory usage. Loaded Objects now: 2503.
Total: 2.178600 ms (FindLiveObjects: 0.175900 ms CreateObjectMapping: 0.067900 ms MarkObjects: 1.827100 ms  DeleteObjects: 0.107000 ms)

========================================================================
Received Prepare
Registering precompiled user dll's ...
Registered in 0.001354 seconds.
Begin MonoManager ReloadAssembly
Native extension for WindowsStandalone target not found
Native extension for WebGL target not found
Refreshing native plugins compatible for Editor in 0.33 ms, found 1 plugins.
Preloading 0 native plugins for Editor in 0.00 ms.
Mono: successfully reloaded assembly
- Completed reload, in  0.897 seconds
Platform modules already initialized, skipping
Refreshing native plugins compatible for Editor in 0.33 ms, found 1 plugins.
Preloading 0 native plugins for Editor in 0.00 ms.
Unloading 1954 Unused Serialized files (Serialized files now loaded: 0)
System memory in use before: 93.5 MB.
System memory in use after: 93.4 MB.

Unloading 14 unused Assets to reduce memory usage. Loaded Objects now: 2507.
Total: 2.952900 ms (FindLiveObjects: 0.480700 ms CreateObjectMapping: 0.152800 ms MarkObjects: 2.157300 ms  DeleteObjects: 0.160100 ms)

========================================================================
Received Import Request.
  Time since last request: 1055.086074 seconds.
  path: Assets/Prefabs/Moth.prefab
  artifactKey: Guid(634d9397da68b2942bea8c9bb6825973) Importer(815301076,1909f56bfc062723c751e8b465ee728b)
Start importing Assets/Prefabs/Moth.prefab using Guid(634d9397da68b2942bea8c9bb6825973) Importer(815301076,1909f56bfc062723c751e8b465ee728b)  -> (artifact id: '9b95034b13afa54de8f68dcf145013a6') in 0.073050 seconds
  Import took 0.079993 seconds .

========================================================================
Received Prepare
Registering precompiled user dll's ...
Registered in 0.001975 seconds.
Begin MonoManager ReloadAssembly
Native extension for WindowsStandalone target not found
Native extension for WebGL target not found
Refreshing native plugins compatible for Editor in 0.52 ms, found 1 plugins.
Preloading 0 native plugins for Editor in 0.00 ms.
Mono: successfully reloaded assembly
- Completed reload, in  1.156 seconds
Platform modules already initialized, skipping
Refreshing native plugins compatible for Editor in 0.34 ms, found 1 plugins.
Preloading 0 native plugins for Editor in 0.00 ms.
Unloading 1954 Unused Serialized files (Serialized files now loaded: 0)
System memory in use before: 93.5 MB.
System memory in use after: 93.4 MB.

Unloading 14 unused Assets to reduce memory usage. Loaded Objects now: 2512.
Total: 2.440100 ms (FindLiveObjects: 0.439500 ms CreateObjectMapping: 0.152800 ms MarkObjects: 1.724400 ms  DeleteObjects: 0.122300 ms)

========================================================================
Received Prepare
Registering precompiled user dll's ...
Registered in 0.001378 seconds.
Begin MonoManager ReloadAssembly
Native extension for WindowsStandalone target not found
Native extension for WebGL target not found
Refreshing native plugins compatible for Editor in 0.35 ms, found 1 plugins.
Preloading 0 native plugins for Editor in 0.00 ms.
Mono: successfully reloaded assembly
- Completed reload, in  0.897 seconds
Platform modules already initialized, skipping
Refreshing native plugins compatible for Editor in 0.32 ms, found 1 plugins.
Preloading 0 native plugins for Editor in 0.00 ms.
Unloading 1954 Unused Serialized files (Serialized files now loaded: 0)
System memory in use before: 93.5 MB.
System memory in use after: 93.4 MB.

Unloading 14 unused Assets to reduce memory usage. Loaded Objects now: 2516.
Total: 2.296700 ms (FindLiveObjects: 0.228900 ms CreateObjectMapping: 0.102800 ms MarkObjects: 1.851400 ms  DeleteObjects: 0.112200 ms)

========================================================================
Received Prepare
Registering precompiled user dll's ...
Registered in 0.001451 seconds.
Begin MonoManager ReloadAssembly
Native extension for WindowsStandalone target not found
Native extension for WebGL target not found
Refreshing native plugins compatible for Editor in 0.35 ms, found 1 plugins.
Preloading 0 native plugins for Editor in 0.00 ms.
Mono: successfully reloaded assembly
- Completed reload, in  0.976 seconds
Platform modules already initialized, skipping
Refreshing native plugins compatible for Editor in 0.53 ms, found 1 plugins.
Preloading 0 native plugins for Editor in 0.00 ms.
Unloading 1954 Unused Serialized files (Serialized files now loaded: 0)
System memory in use before: 93.5 MB.
System memory in use after: 93.4 MB.

Unloading 14 unused Assets to reduce memory usage. Loaded Objects now: 2520.
Total: 2.699700 ms (FindLiveObjects: 0.246200 ms CreateObjectMapping: 0.075600 ms MarkObjects: 2.260700 ms  DeleteObjects: 0.116100 ms)

========================================================================
Received Import Request.
  Time since last request: 149.517719 seconds.
  path: Assets/Prefabs/Bulb.prefab
  artifactKey: Guid(9088ea5809230fa4e87b4faad6009213) Importer(815301076,1909f56bfc062723c751e8b465ee728b)
Start importing Assets/Prefabs/Bulb.prefab using Guid(9088ea5809230fa4e87b4faad6009213) Importer(815301076,1909f56bfc062723c751e8b465ee728b)  -> (artifact id: 'a13c598c7a0e08ed0ba1bd307c0dc934') in 0.060679 seconds
  Import took 0.064414 seconds .

========================================================================
Received Prepare
Registering precompiled user dll's ...
Registered in 0.001432 seconds.
Begin MonoManager ReloadAssembly
Native extension for WindowsStandalone target not found
Native extension for WebGL target not found
Refreshing native plugins compatible for Editor in 0.34 ms, found 1 plugins.
Preloading 0 native plugins for Editor in 0.00 ms.
Mono: successfully reloaded assembly
- Completed reload, in  0.889 seconds
Platform modules already initialized, skipping
Refreshing native plugins compatible for Editor in 0.33 ms, found 1 plugins.
Preloading 0 native plugins for Editor in 0.00 ms.
Unloading 1954 Unused Serialized files (Serialized files now loaded: 0)
System memory in use before: 93.5 MB.
System memory in use after: 93.4 MB.

Unloading 14 unused Assets to reduce memory usage. Loaded Objects now: 2525.
Total: 2.412900 ms (FindLiveObjects: 0.296900 ms CreateObjectMapping: 0.096900 ms MarkObjects: 1.902800 ms  DeleteObjects: 0.114600 ms)

========================================================================
Received Import Request.
  Time since last request: 284.971195 seconds.
  path: ProjectSettings/TagManager.asset
  artifactKey: Guid(00000000000000003000000000000000) Importer(815301076,1909f56bfc062723c751e8b465ee728b)
Start importing ProjectSettings/TagManager.asset using Guid(00000000000000003000000000000000) Importer(815301076,1909f56bfc062723c751e8b465ee728b)  -> (artifact id: '9d870a3dd6391ab8b5e821be5bb382dc') in 0.016063 seconds
  Import took 0.019789 seconds .

========================================================================
Received Import Request.
  Time since last request: 0.000572 seconds.
  path: ProjectSettings/TagManager.asset
  artifactKey: Guid(00000000000000003000000000000000) Importer(815301076,1909f56bfc062723c751e8b465ee728b)
Start importing ProjectSettings/TagManager.asset using Guid(00000000000000003000000000000000) Importer(815301076,1909f56bfc062723c751e8b465ee728b)  -> (artifact id: '9d870a3dd6391ab8b5e821be5bb382dc') in 0.004432 seconds
  Import took 0.008689 seconds .

========================================================================
Received Prepare
Registering precompiled user dll's ...
Registered in 0.001360 seconds.
Begin MonoManager ReloadAssembly
Native extension for WindowsStandalone target not found
Native extension for WebGL target not found
Refreshing native plugins compatible for Editor in 0.33 ms, found 1 plugins.
Preloading 0 native plugins for Editor in 0.00 ms.
Mono: successfully reloaded assembly
- Completed reload, in  0.881 seconds
Platform modules already initialized, skipping
Refreshing native plugins compatible for Editor in 0.33 ms, found 1 plugins.
Preloading 0 native plugins for Editor in 0.00 ms.
Unloading 1954 Unused Serialized files (Serialized files now loaded: 0)
System memory in use before: 93.5 MB.
System memory in use after: 93.5 MB.

Unloading 16 unused Assets to reduce memory usage. Loaded Objects now: 2529.
Total: 2.271500 ms (FindLiveObjects: 0.280400 ms CreateObjectMapping: 0.096700 ms MarkObjects: 1.766000 ms  DeleteObjects: 0.126500 ms)

========================================================================
Received Prepare
Registering precompiled user dll's ...
Registered in 0.001436 seconds.
Begin MonoManager ReloadAssembly
Native extension for WindowsStandalone target not found
Native extension for WebGL target not found
Refreshing native plugins compatible for Editor in 0.33 ms, found 1 plugins.
Preloading 0 native plugins for Editor in 0.00 ms.
Mono: successfully reloaded assembly
- Completed reload, in  0.873 seconds
Platform modules already initialized, skipping
Refreshing native plugins compatible for Editor in 0.32 ms, found 1 plugins.
Preloading 0 native plugins for Editor in 0.00 ms.
Unloading 1954 Unused Serialized files (Serialized files now loaded: 0)
System memory in use before: 93.5 MB.
System memory in use after: 93.5 MB.

Unloading 14 unused Assets to reduce memory usage. Loaded Objects now: 2533.
Total: 2.268800 ms (FindLiveObjects: 0.378900 ms CreateObjectMapping: 0.108200 ms MarkObjects: 1.668100 ms  DeleteObjects: 0.111200 ms)

========================================================================
Received Prepare
Registering precompiled user dll's ...
Registered in 0.001443 seconds.
Begin MonoManager ReloadAssembly
Native extension for WindowsStandalone target not found
Native extension for WebGL target not found
Refreshing native plugins compatible for Editor in 0.33 ms, found 1 plugins.
Preloading 0 native plugins for Editor in 0.00 ms.
Mono: successfully reloaded assembly
- Completed reload, in  0.867 seconds
Platform modules already initialized, skipping
Refreshing native plugins compatible for Editor in 0.33 ms, found 1 plugins.
Preloading 0 native plugins for Editor in 0.00 ms.
Unloading 1954 Unused Serialized files (Serialized files now loaded: 0)
System memory in use before: 93.5 MB.
System memory in use after: 93.5 MB.

Unloading 14 unused Assets to reduce memory usage. Loaded Objects now: 2537.
Total: 2.169900 ms (FindLiveObjects: 0.194300 ms CreateObjectMapping: 0.089900 ms MarkObjects: 1.771400 ms  DeleteObjects: 0.113400 ms)

========================================================================
Received Prepare
Registering precompiled user dll's ...
Registered in 0.001405 seconds.
Begin MonoManager ReloadAssembly
Native extension for WindowsStandalone target not found
Native extension for WebGL target not found
Refreshing native plugins compatible for Editor in 0.34 ms, found 1 plugins.
Preloading 0 native plugins for Editor in 0.00 ms.
Mono: successfully reloaded assembly
- Completed reload, in  0.877 seconds
Platform modules already initialized, skipping
Refreshing native plugins compatible for Editor in 0.33 ms, found 1 plugins.
Preloading 0 native plugins for Editor in 0.00 ms.
Unloading 1954 Unused Serialized files (Serialized files now loaded: 0)
System memory in use before: 93.5 MB.
System memory in use after: 93.5 MB.

Unloading 14 unused Assets to reduce memory usage. Loaded Objects now: 2541.
Total: 2.081200 ms (FindLiveObjects: 0.190900 ms CreateObjectMapping: 0.060700 ms MarkObjects: 1.718900 ms  DeleteObjects: 0.109900 ms)

========================================================================
Received Prepare
Registering precompiled user dll's ...
Registered in 0.001390 seconds.
Begin MonoManager ReloadAssembly
Native extension for WindowsStandalone target not found
Native extension for WebGL target not found
Refreshing native plugins compatible for Editor in 0.34 ms, found 1 plugins.
Preloading 0 native plugins for Editor in 0.00 ms.
Mono: successfully reloaded assembly
- Completed reload, in  0.902 seconds
Platform modules already initialized, skipping
Refreshing native plugins compatible for Editor in 0.33 ms, found 1 plugins.
Preloading 0 native plugins for Editor in 0.00 ms.
Unloading 1954 Unused Serialized files (Serialized files now loaded: 0)
System memory in use before: 93.5 MB.
System memory in use after: 93.5 MB.

Unloading 14 unused Assets to reduce memory usage. Loaded Objects now: 2545.
Total: 2.239600 ms (FindLiveObjects: 0.247000 ms CreateObjectMapping: 0.114300 ms MarkObjects: 1.764100 ms  DeleteObjects: 0.112900 ms)

========================================================================
Received Prepare
Registering precompiled user dll's ...
Registered in 0.001363 seconds.
Begin MonoManager ReloadAssembly
Native extension for WindowsStandalone target not found
Native extension for WebGL target not found
Refreshing native plugins compatible for Editor in 0.34 ms, found 1 plugins.
Preloading 0 native plugins for Editor in 0.00 ms.
Mono: successfully reloaded assembly
- Completed reload, in  0.865 seconds
Platform modules already initialized, skipping
Refreshing native plugins compatible for Editor in 0.33 ms, found 1 plugins.
Preloading 0 native plugins for Editor in 0.00 ms.
Unloading 1954 Unused Serialized files (Serialized files now loaded: 0)
System memory in use before: 93.5 MB.
System memory in use after: 93.5 MB.

Unloading 14 unused Assets to reduce memory usage. Loaded Objects now: 2549.
Total: 2.351800 ms (FindLiveObjects: 0.182100 ms CreateObjectMapping: 0.068100 ms MarkObjects: 1.988700 ms  DeleteObjects: 0.112100 ms)

========================================================================
Received Prepare
Registering precompiled user dll's ...
Registered in 0.001404 seconds.
Begin MonoManager ReloadAssembly
Native extension for WindowsStandalone target not found
Native extension for WebGL target not found
Refreshing native plugins compatible for Editor in 0.38 ms, found 1 plugins.
Preloading 0 native plugins for Editor in 0.00 ms.
Mono: successfully reloaded assembly
- Completed reload, in  0.881 seconds
Platform modules already initialized, skipping
Refreshing native plugins compatible for Editor in 0.33 ms, found 1 plugins.
Preloading 0 native plugins for Editor in 0.00 ms.
Unloading 1954 Unused Serialized files (Serialized files now loaded: 0)
System memory in use before: 93.5 MB.
System memory in use after: 93.5 MB.

Unloading 14 unused Assets to reduce memory usage. Loaded Objects now: 2553.
Total: 2.332400 ms (FindLiveObjects: 0.323900 ms CreateObjectMapping: 0.106200 ms MarkObjects: 1.787900 ms  DeleteObjects: 0.113400 ms)

========================================================================
Received Prepare
Registering precompiled user dll's ...
Registered in 0.001591 seconds.
Begin MonoManager ReloadAssembly
Native extension for WindowsStandalone target not found
Native extension for WebGL target not found
Refreshing native plugins compatible for Editor in 0.34 ms, found 1 plugins.
Preloading 0 native plugins for Editor in 0.00 ms.
Mono: successfully reloaded assembly
- Completed reload, in  0.855 seconds
Platform modules already initialized, skipping
Refreshing native plugins compatible for Editor in 0.33 ms, found 1 plugins.
Preloading 0 native plugins for Editor in 0.00 ms.
Unloading 1954 Unused Serialized files (Serialized files now loaded: 0)
System memory in use before: 93.6 MB.
System memory in use after: 93.5 MB.

Unloading 14 unused Assets to reduce memory usage. Loaded Objects now: 2557.
Total: 2.456800 ms (FindLiveObjects: 0.202300 ms CreateObjectMapping: 0.077800 ms MarkObjects: 2.054100 ms  DeleteObjects: 0.121300 ms)

========================================================================
Received Prepare
Registering precompiled user dll's ...
Registered in 0.001375 seconds.
Begin MonoManager ReloadAssembly
Native extension for WindowsStandalone target not found
Native extension for WebGL target not found
Refreshing native plugins compatible for Editor in 0.34 ms, found 1 plugins.
Preloading 0 native plugins for Editor in 0.00 ms.
Mono: successfully reloaded assembly
- Completed reload, in  0.894 seconds
Platform modules already initialized, skipping
Refreshing native plugins compatible for Editor in 0.32 ms, found 1 plugins.
Preloading 0 native plugins for Editor in 0.00 ms.
Unloading 1954 Unused Serialized files (Serialized files now loaded: 0)
System memory in use before: 93.6 MB.
System memory in use after: 93.5 MB.

Unloading 14 unused Assets to reduce memory usage. Loaded Objects now: 2561.
Total: 2.235200 ms (FindLiveObjects: 0.323200 ms CreateObjectMapping: 0.116700 ms MarkObjects: 1.664900 ms  DeleteObjects: 0.128900 ms)

========================================================================
Received Prepare
Registering precompiled user dll's ...
Registered in 0.001380 seconds.
Begin MonoManager ReloadAssembly
Native extension for WindowsStandalone target not found
Native extension for WebGL target not found
Refreshing native plugins compatible for Editor in 0.33 ms, found 1 plugins.
Preloading 0 native plugins for Editor in 0.00 ms.
Mono: successfully reloaded assembly
- Completed reload, in  0.879 seconds
Platform modules already initialized, skipping
Refreshing native plugins compatible for Editor in 0.32 ms, found 1 plugins.
Preloading 0 native plugins for Editor in 0.00 ms.
Unloading 1954 Unused Serialized files (Serialized files now loaded: 0)
System memory in use before: 93.6 MB.
System memory in use after: 93.5 MB.

Unloading 14 unused Assets to reduce memory usage. Loaded Objects now: 2565.
Total: 2.204500 ms (FindLiveObjects: 0.216500 ms CreateObjectMapping: 0.071400 ms MarkObjects: 1.796900 ms  DeleteObjects: 0.119000 ms)

========================================================================
Received Prepare
Registering precompiled user dll's ...
Registered in 0.001429 seconds.
Begin MonoManager ReloadAssembly
Native extension for WindowsStandalone target not found
Native extension for WebGL target not found
Refreshing native plugins compatible for Editor in 0.34 ms, found 1 plugins.
Preloading 0 native plugins for Editor in 0.00 ms.
Mono: successfully reloaded assembly
- Completed reload, in  0.879 seconds
Platform modules already initialized, skipping
Refreshing native plugins compatible for Editor in 0.33 ms, found 1 plugins.
Preloading 0 native plugins for Editor in 0.00 ms.
Unloading 1954 Unused Serialized files (Serialized files now loaded: 0)
System memory in use before: 93.6 MB.
System memory in use after: 93.5 MB.

Unloading 14 unused Assets to reduce memory usage. Loaded Objects now: 2569.
Total: 2.223000 ms (FindLiveObjects: 0.211600 ms CreateObjectMapping: 0.070800 ms MarkObjects: 1.790900 ms  DeleteObjects: 0.148900 ms)

========================================================================
Received Prepare
Registering precompiled user dll's ...
Registered in 0.001516 seconds.
Begin MonoManager ReloadAssembly
Native extension for WindowsStandalone target not found
Native extension for WebGL target not found
Refreshing native plugins compatible for Editor in 0.33 ms, found 1 plugins.
Preloading 0 native plugins for Editor in 0.00 ms.
Mono: successfully reloaded assembly
- Completed reload, in  0.888 seconds
Platform modules already initialized, skipping
Refreshing native plugins compatible for Editor in 0.33 ms, found 1 plugins.
Preloading 0 native plugins for Editor in 0.00 ms.
Unloading 1954 Unused Serialized files (Serialized files now loaded: 0)
System memory in use before: 93.6 MB.
System memory in use after: 93.6 MB.

Unloading 14 unused Assets to reduce memory usage. Loaded Objects now: 2573.
Total: 2.262800 ms (FindLiveObjects: 0.214400 ms CreateObjectMapping: 0.073500 ms MarkObjects: 1.854600 ms  DeleteObjects: 0.119400 ms)

========================================================================
Received Prepare
Registering precompiled user dll's ...
Registered in 0.001448 seconds.
Begin MonoManager ReloadAssembly
Native extension for WindowsStandalone target not found
Native extension for WebGL target not found
Refreshing native plugins compatible for Editor in 0.33 ms, found 1 plugins.
Preloading 0 native plugins for Editor in 0.00 ms.
Mono: successfully reloaded assembly
- Completed reload, in  0.859 seconds
Platform modules already initialized, skipping
Refreshing native plugins compatible for Editor in 0.33 ms, found 1 plugins.
Preloading 0 native plugins for Editor in 0.00 ms.
Unloading 1954 Unused Serialized files (Serialized files now loaded: 0)
System memory in use before: 93.6 MB.
System memory in use after: 93.6 MB.

Unloading 14 unused Assets to reduce memory usage. Loaded Objects now: 2577.
Total: 2.477200 ms (FindLiveObjects: 0.378500 ms CreateObjectMapping: 0.097000 ms MarkObjects: 1.853600 ms  DeleteObjects: 0.147300 ms)

========================================================================
Received Prepare
Registering precompiled user dll's ...
Registered in 0.001467 seconds.
Begin MonoManager ReloadAssembly
Native extension for WindowsStandalone target not found
Native extension for WebGL target not found
Refreshing native plugins compatible for Editor in 0.34 ms, found 1 plugins.
Preloading 0 native plugins for Editor in 0.00 ms.
Mono: successfully reloaded assembly
- Completed reload, in  1.010 seconds
Platform modules already initialized, skipping
Refreshing native plugins compatible for Editor in 0.41 ms, found 1 plugins.
Preloading 0 native plugins for Editor in 0.00 ms.
Unloading 1954 Unused Serialized files (Serialized files now loaded: 0)
System memory in use before: 93.6 MB.
System memory in use after: 93.6 MB.

Unloading 14 unused Assets to reduce memory usage. Loaded Objects now: 2581.
Total: 2.811700 ms (FindLiveObjects: 0.342200 ms CreateObjectMapping: 0.118700 ms MarkObjects: 2.236300 ms  DeleteObjects: 0.113600 ms)

========================================================================
Received Import Request.
  Time since last request: 3126.996851 seconds.
  path: Assets/Scripts/BulbBehaviour.cs
  artifactKey: Guid(a2c2ab0f2a1f289478a0c7c59f81a5e0) Importer(815301076,1909f56bfc062723c751e8b465ee728b)
Start importing Assets/Scripts/BulbBehaviour.cs using Guid(a2c2ab0f2a1f289478a0c7c59f81a5e0) Importer(815301076,1909f56bfc062723c751e8b465ee728b)  -> (artifact id: '4eb964dd9f0fe9d517e0a4d67026ef28') in 0.006918 seconds
  Import took 0.010368 seconds .

========================================================================
Received Import Request.
  Time since last request: 0.025236 seconds.
  path: Assets/Scripts/BulbBehaviour.cs
  artifactKey: Guid(a2c2ab0f2a1f289478a0c7c59f81a5e0) Importer(815301076,1909f56bfc062723c751e8b465ee728b)
Start importing Assets/Scripts/BulbBehaviour.cs using Guid(a2c2ab0f2a1f289478a0c7c59f81a5e0) Importer(815301076,1909f56bfc062723c751e8b465ee728b)  -> (artifact id: '4eb964dd9f0fe9d517e0a4d67026ef28') in 0.003354 seconds
  Import took 0.006829 seconds .

========================================================================
Received Prepare
Registering precompiled user dll's ...
Registered in 0.002556 seconds.
Begin MonoManager ReloadAssembly
Native extension for WindowsStandalone target not found
Native extension for WebGL target not found
Refreshing native plugins compatible for Editor in 0.35 ms, found 1 plugins.
Preloading 0 native plugins for Editor in 0.00 ms.
Mono: successfully reloaded assembly
- Completed reload, in  0.882 seconds
Platform modules already initialized, skipping
Refreshing native plugins compatible for Editor in 0.32 ms, found 1 plugins.
Preloading 0 native plugins for Editor in 0.00 ms.
Unloading 1954 Unused Serialized files (Serialized files now loaded: 0)
System memory in use before: 93.6 MB.
System memory in use after: 93.6 MB.

Unloading 14 unused Assets to reduce memory usage. Loaded Objects now: 2585.
Total: 6.689000 ms (FindLiveObjects: 0.560500 ms CreateObjectMapping: 0.268100 ms MarkObjects: 5.476100 ms  DeleteObjects: 0.381100 ms)

========================================================================
Received Import Request.
  Time since last request: 409.543834 seconds.
  path: Assets/Scripts/BulbBehaviour.cs
  artifactKey: Guid(a2c2ab0f2a1f289478a0c7c59f81a5e0) Importer(815301076,1909f56bfc062723c751e8b465ee728b)
Start importing Assets/Scripts/BulbBehaviour.cs using Guid(a2c2ab0f2a1f289478a0c7c59f81a5e0) Importer(815301076,1909f56bfc062723c751e8b465ee728b)  -> (artifact id: 'bd1cd55e5facaedca7f0dfc8811a4cf5') in 0.004786 seconds
  Import took 0.125906 seconds .

========================================================================
Received Import Request.
  Time since last request: 0.021400 seconds.
  path: Assets/Prefabs/Bulb.prefab
  artifactKey: Guid(9088ea5809230fa4e87b4faad6009213) Importer(815301076,1909f56bfc062723c751e8b465ee728b)
Start importing Assets/Prefabs/Bulb.prefab using Guid(9088ea5809230fa4e87b4faad6009213) Importer(815301076,1909f56bfc062723c751e8b465ee728b)  -> (artifact id: '00170ee3e865d2030e05b2b8d1384e9d') in 0.059476 seconds
  Import took 0.070156 seconds .

========================================================================
Received Import Request.
  Time since last request: 12.809460 seconds.
  path: Assets/Prefabs/Bulb 1.prefab
  artifactKey: Guid(632558775de25fd42b9a172a61a47482) Importer(815301076,1909f56bfc062723c751e8b465ee728b)
Start importing Assets/Prefabs/Bulb 1.prefab using Guid(632558775de25fd42b9a172a61a47482) Importer(815301076,1909f56bfc062723c751e8b465ee728b)  -> (artifact id: '4c26bbeb6fde08b57b48e2b3f7d05acf') in 0.011119 seconds
  Import took 0.014536 seconds .

========================================================================
Received Import Request.
  Time since last request: 11.376357 seconds.
  path: Assets/Prefabs/BulbBlink.prefab
  artifactKey: Guid(632558775de25fd42b9a172a61a47482) Importer(815301076,1909f56bfc062723c751e8b465ee728b)
Start importing Assets/Prefabs/BulbBlink.prefab using Guid(632558775de25fd42b9a172a61a47482) Importer(815301076,1909f56bfc062723c751e8b465ee728b)  -> (artifact id: '6be57722ecdd0aca487ddfe189e69905') in 0.010531 seconds
  Import took 0.072754 seconds .

========================================================================
Received Import Request.
  Time since last request: 2.693532 seconds.
  path: Assets/Prefabs/BulbBlink.prefab
  artifactKey: Guid(632558775de25fd42b9a172a61a47482) Importer(815301076,1909f56bfc062723c751e8b465ee728b)
Start importing Assets/Prefabs/BulbBlink.prefab using Guid(632558775de25fd42b9a172a61a47482) Importer(815301076,1909f56bfc062723c751e8b465ee728b)  -> (artifact id: 'c680c34cc1b12f677864855eb2049f80') in 0.012000 seconds
  Import took 0.015854 seconds .

========================================================================
Received Import Request.
  Time since last request: 13.665668 seconds.
  path: Assets/Prefabs/BulbBlink.prefab
  artifactKey: Guid(632558775de25fd42b9a172a61a47482) Importer(815301076,1909f56bfc062723c751e8b465ee728b)
Start importing Assets/Prefabs/BulbBlink.prefab using Guid(632558775de25fd42b9a172a61a47482) Importer(815301076,1909f56bfc062723c751e8b465ee728b)  -> (artifact id: '788da65e484476e9ebab277c9a9620b6') in 0.009707 seconds
  Import took 0.013098 seconds .

========================================================================
Received Prepare
Registering precompiled user dll's ...
Registered in 0.001446 seconds.
Begin MonoManager ReloadAssembly
Native extension for WindowsStandalone target not found
Native extension for WebGL target not found
Refreshing native plugins compatible for Editor in 0.33 ms, found 1 plugins.
Preloading 0 native plugins for Editor in 0.00 ms.
Mono: successfully reloaded assembly
- Completed reload, in  0.890 seconds
Platform modules already initialized, skipping
Refreshing native plugins compatible for Editor in 0.34 ms, found 1 plugins.
Preloading 0 native plugins for Editor in 0.00 ms.
Unloading 1954 Unused Serialized files (Serialized files now loaded: 0)
System memory in use before: 93.6 MB.
System memory in use after: 93.6 MB.

Unloading 14 unused Assets to reduce memory usage. Loaded Objects now: 2590.
Total: 5.192500 ms (FindLiveObjects: 0.431500 ms CreateObjectMapping: 0.202700 ms MarkObjects: 4.277200 ms  DeleteObjects: 0.278700 ms)

========================================================================
Received Import Request.
  Time since last request: 348.932389 seconds.
  path: Assets/Prefabs/BulbBlink.prefab
  artifactKey: Guid(632558775de25fd42b9a172a61a47482) Importer(815301076,1909f56bfc062723c751e8b465ee728b)
Start importing Assets/Prefabs/BulbBlink.prefab using Guid(632558775de25fd42b9a172a61a47482) Importer(815301076,1909f56bfc062723c751e8b465ee728b)  -> (artifact id: '0412052cd79f8813bede3ab241285d77') in 0.057993 seconds
  Import took 0.064188 seconds .

========================================================================
Received Import Request.
  Time since last request: 0.539892 seconds.
  path: Assets/Prefabs/Bulb.prefab
  artifactKey: Guid(9088ea5809230fa4e87b4faad6009213) Importer(815301076,1909f56bfc062723c751e8b465ee728b)
Start importing Assets/Prefabs/Bulb.prefab using Guid(9088ea5809230fa4e87b4faad6009213) Importer(815301076,1909f56bfc062723c751e8b465ee728b)  -> (artifact id: 'e3447bb017a4db642c702fe8540ed4d3') in 0.009162 seconds
  Import took 0.017767 seconds .

========================================================================
Received Import Request.
  Time since last request: 16.906777 seconds.
  path: Assets/Prefabs/BulbBlink.prefab
  artifactKey: Guid(632558775de25fd42b9a172a61a47482) Importer(815301076,1909f56bfc062723c751e8b465ee728b)
Start importing Assets/Prefabs/BulbBlink.prefab using Guid(632558775de25fd42b9a172a61a47482) Importer(815301076,1909f56bfc062723c751e8b465ee728b)  -> (artifact id: 'c8ef77327fe87e5be07f0398439987d1') in 0.009824 seconds
  Import took 0.013225 seconds .

========================================================================
Received Prepare
Registering precompiled user dll's ...
Registered in 0.001407 seconds.
Begin MonoManager ReloadAssembly
Native extension for WindowsStandalone target not found
Native extension for WebGL target not found
Refreshing native plugins compatible for Editor in 0.34 ms, found 1 plugins.
Preloading 0 native plugins for Editor in 0.00 ms.
Mono: successfully reloaded assembly
- Completed reload, in  0.873 seconds
Platform modules already initialized, skipping
Refreshing native plugins compatible for Editor in 0.33 ms, found 1 plugins.
Preloading 0 native plugins for Editor in 0.00 ms.
Unloading 1954 Unused Serialized files (Serialized files now loaded: 0)
System memory in use before: 93.6 MB.
System memory in use after: 93.6 MB.

Unloading 14 unused Assets to reduce memory usage. Loaded Objects now: 2595.
Total: 2.239300 ms (FindLiveObjects: 0.202700 ms CreateObjectMapping: 0.081800 ms MarkObjects: 1.829400 ms  DeleteObjects: 0.124400 ms)

========================================================================
Received Prepare
Registering precompiled user dll's ...
Registered in 0.001617 seconds.
Begin MonoManager ReloadAssembly
Native extension for WindowsStandalone target not found
Native extension for WebGL target not found
Refreshing native plugins compatible for Editor in 0.32 ms, found 1 plugins.
Preloading 0 native plugins for Editor in 0.00 ms.
Mono: successfully reloaded assembly
- Completed reload, in  0.880 seconds
Platform modules already initialized, skipping
Refreshing native plugins compatible for Editor in 0.32 ms, found 1 plugins.
Preloading 0 native plugins for Editor in 0.00 ms.
Unloading 1954 Unused Serialized files (Serialized files now loaded: 0)
System memory in use before: 93.7 MB.
System memory in use after: 93.6 MB.

Unloading 14 unused Assets to reduce memory usage. Loaded Objects now: 2599.
Total: 7.177400 ms (FindLiveObjects: 0.583100 ms CreateObjectMapping: 0.278200 ms MarkObjects: 5.963900 ms  DeleteObjects: 0.348300 ms)

========================================================================
Received Import Request.
  Time since last request: 115.773690 seconds.
  path: Assets/Prefabs/BulbBlink.prefab
  artifactKey: Guid(632558775de25fd42b9a172a61a47482) Importer(815301076,1909f56bfc062723c751e8b465ee728b)
Start importing Assets/Prefabs/BulbBlink.prefab using Guid(632558775de25fd42b9a172a61a47482) Importer(815301076,1909f56bfc062723c751e8b465ee728b)  -> (artifact id: '171dc522b8c391c8d494d5bc570c5c09') in 0.056750 seconds
  Import took 0.063230 seconds .

========================================================================
Received Import Request.
  Time since last request: 0.234295 seconds.
  path: Assets/Prefabs/BulbBlink.prefab
  artifactKey: Guid(632558775de25fd42b9a172a61a47482) Importer(815301076,1909f56bfc062723c751e8b465ee728b)
Start importing Assets/Prefabs/BulbBlink.prefab using Guid(632558775de25fd42b9a172a61a47482) Importer(815301076,1909f56bfc062723c751e8b465ee728b)  -> (artifact id: '594113ab65f2fbc333c527cfae2f1e20') in 0.009509 seconds
  Import took 0.013434 seconds .

========================================================================
Received Prepare
Registering precompiled user dll's ...
Registered in 0.002269 seconds.
Begin MonoManager ReloadAssembly
Native extension for WindowsStandalone target not found
Native extension for WebGL target not found
Refreshing native plugins compatible for Editor in 0.33 ms, found 1 plugins.
Preloading 0 native plugins for Editor in 0.00 ms.
Mono: successfully reloaded assembly
- Completed reload, in  0.888 seconds
Platform modules already initialized, skipping
Refreshing native plugins compatible for Editor in 0.33 ms, found 1 plugins.
Preloading 0 native plugins for Editor in 0.00 ms.
Unloading 1954 Unused Serialized files (Serialized files now loaded: 0)
System memory in use before: 93.7 MB.
System memory in use after: 93.7 MB.

Unloading 14 unused Assets to reduce memory usage. Loaded Objects now: 2604.
Total: 2.065200 ms (FindLiveObjects: 0.182900 ms CreateObjectMapping: 0.065800 ms MarkObjects: 1.710700 ms  DeleteObjects: 0.104800 ms)

========================================================================
Received Import Request.
  Time since last request: 51.928069 seconds.
  path: Assets/Prefabs/BulbBlink.prefab
  artifactKey: Guid(632558775de25fd42b9a172a61a47482) Importer(815301076,1909f56bfc062723c751e8b465ee728b)
Start importing Assets/Prefabs/BulbBlink.prefab using Guid(632558775de25fd42b9a172a61a47482) Importer(815301076,1909f56bfc062723c751e8b465ee728b)  -> (artifact id: '38ce1a4ac4c128dc75fd1dc01cae2f40') in 0.047703 seconds
  Import took 0.050892 seconds .

========================================================================
Received Prepare
Registering precompiled user dll's ...
Registered in 0.001314 seconds.
Begin MonoManager ReloadAssembly
Native extension for WindowsStandalone target not found
Native extension for WebGL target not found
Refreshing native plugins compatible for Editor in 0.33 ms, found 1 plugins.
Preloading 0 native plugins for Editor in 0.00 ms.
Mono: successfully reloaded assembly
- Completed reload, in  0.860 seconds
Platform modules already initialized, skipping
Refreshing native plugins compatible for Editor in 0.32 ms, found 1 plugins.
Preloading 0 native plugins for Editor in 0.00 ms.
Unloading 1954 Unused Serialized files (Serialized files now loaded: 0)
System memory in use before: 93.7 MB.
System memory in use after: 93.7 MB.

Unloading 14 unused Assets to reduce memory usage. Loaded Objects now: 2609.
Total: 2.211400 ms (FindLiveObjects: 0.178600 ms CreateObjectMapping: 0.067300 ms MarkObjects: 1.850700 ms  DeleteObjects: 0.113800 ms)

========================================================================
Received Import Request.
  Time since last request: 253.074464 seconds.
  path: Assets/Prefabs/BulbBlink.prefab
  artifactKey: Guid(632558775de25fd42b9a172a61a47482) Importer(815301076,1909f56bfc062723c751e8b465ee728b)
Start importing Assets/Prefabs/BulbBlink.prefab using Guid(632558775de25fd42b9a172a61a47482) Importer(815301076,1909f56bfc062723c751e8b465ee728b)  -> (artifact id: 'b609fd8694cec43c59a4b7d5e7a426a5') in 0.053209 seconds
  Import took 0.056392 seconds .

AssetImportWorkerClient::OnTransportError - code=2 error=End of file
