Using pre-set license
Built from '2020.3/staging' branch; Version is '2020.3.6f1 (338bb68529b2) revision 3378102'; Using compiler version '192528614'; Build Type 'Release'
OS: 'Windows 10 Home Single Language; OS build 19042.1052; Version 2009; 64bit' Language: 'pt' Physical Memory: 16243 MB
BatchMode: 1, IsHumanControllingUs: 0, StartBugReporterOnCrash: 0, Is64bit: 1, IsPro: 0

 COMMAND LINE ARGUMENTS:
C:\Program Files\2020.3.6f1\Editor\Unity.exe
-adb2
-batchMode
-noUpm
-name
AssetImportWorker0
-projectPath
C:/Users/miche/Documents/Unity/MothGameMFGJ2001
-logFile
Logs/AssetImportWorker0.log
-srvPort
53314
Successfully changed project path to: C:/Users/miche/Documents/Unity/MothGameMFGJ2001
C:/Users/miche/Documents/Unity/MothGameMFGJ2001
Using Asset Import Pipeline V2.
Refreshing native plugins compatible for Editor in 36.81 ms, found 1 plugins.
Preloading 0 native plugins for Editor in 0.00 ms.
Initialize engine version: 2020.3.6f1 (338bb68529b2)
[Subsystems] Discovering subsystems at path C:/Program Files/2020.3.6f1/Editor/Data/Resources/UnitySubsystems
[Subsystems] Discovering subsystems at path C:/Users/miche/Documents/Unity/MothGameMFGJ2001/Assets
GfxDevice: creating device client; threaded=0
Direct3D:
    Version:  Direct3D 11.0 [level 11.1]
    Renderer: NVIDIA GeForce GTX 1050 Ti (ID=0x1c8c)
    Vendor:   
    VRAM:     4018 MB
    Driver:   27.21.14.5771
Initialize mono
Mono path[0] = 'C:/Program Files/2020.3.6f1/Editor/Data/Managed'
Mono path[1] = 'C:/Program Files/2020.3.6f1/Editor/Data/MonoBleedingEdge/lib/mono/unityjit'
Mono config path = 'C:/Program Files/2020.3.6f1/Editor/Data/MonoBleedingEdge/etc'
Using monoOptions --debugger-agent=transport=dt_socket,embedding=1,server=y,suspend=n,address=127.0.0.1:56504
Begin MonoManager ReloadAssembly
Registering precompiled unity dll's ...
Register platform support module: C:/Program Files/2020.3.6f1/Editor/Data/PlaybackEngines/WebGLSupport/UnityEditor.WebGL.Extensions.dll
Register platform support module: C:/Program Files/2020.3.6f1/Editor/Data/PlaybackEngines/WindowsStandaloneSupport/UnityEditor.WindowsStandalone.Extensions.dll
Registered in 0.003711 seconds.
Native extension for WindowsStandalone target not found
Native extension for WebGL target not found
Refreshing native plugins compatible for Editor in 35.29 ms, found 1 plugins.
Preloading 0 native plugins for Editor in 0.00 ms.
Mono: successfully reloaded assembly
- Completed reload, in  1.387 seconds
Platform modules already initialized, skipping
Registering precompiled user dll's ...
Registered in 0.001441 seconds.
Begin MonoManager ReloadAssembly
Native extension for WindowsStandalone target not found
Native extension for WebGL target not found
Refreshing native plugins compatible for Editor in 35.68 ms, found 1 plugins.
Preloading 0 native plugins for Editor in 0.00 ms.
Mono: successfully reloaded assembly
- Completed reload, in  0.987 seconds
Platform modules already initialized, skipping
========================================================================
Worker process is ready to serve import requests
Launched and connected shader compiler UnityShaderCompiler.exe after 0.15 seconds
Refreshing native plugins compatible for Editor in 0.36 ms, found 1 plugins.
Preloading 0 native plugins for Editor in 0.00 ms.
Unloading 1975 Unused Serialized files (Serialized files now loaded: 0)
System memory in use before: 92.6 MB.
System memory in use after: 92.6 MB.

Unloading 25 unused Assets to reduce memory usage. Loaded Objects now: 2421.
Total: 2.987800 ms (FindLiveObjects: 0.194800 ms CreateObjectMapping: 0.098700 ms MarkObjects: 2.518800 ms  DeleteObjects: 0.174400 ms)

========================================================================
Received Import Request.
  path: Assets/Scripts/PowerupController.cs
  artifactKey: Guid(d0daa065d2179fa43ab38a05c5fd4452) Importer(815301076,1909f56bfc062723c751e8b465ee728b)
Start importing Assets/Scripts/PowerupController.cs using Guid(d0daa065d2179fa43ab38a05c5fd4452) Importer(815301076,1909f56bfc062723c751e8b465ee728b)  -> (artifact id: 'ac4b7726c883b02eb1047b6d690f0244') in 0.040799 seconds
  Import took 0.078001 seconds .

========================================================================
Received Prepare
Registering precompiled user dll's ...
Registered in 0.001648 seconds.
Begin MonoManager ReloadAssembly
Native extension for WindowsStandalone target not found
Native extension for WebGL target not found
Refreshing native plugins compatible for Editor in 0.37 ms, found 1 plugins.
Preloading 0 native plugins for Editor in 0.00 ms.
Mono: successfully reloaded assembly
- Completed reload, in  0.928 seconds
Platform modules already initialized, skipping
Refreshing native plugins compatible for Editor in 0.34 ms, found 1 plugins.
Preloading 0 native plugins for Editor in 0.00 ms.
Unloading 1955 Unused Serialized files (Serialized files now loaded: 0)
System memory in use before: 91.2 MB.
System memory in use after: 91.2 MB.

Unloading 13 unused Assets to reduce memory usage. Loaded Objects now: 2425.
Total: 2.424400 ms (FindLiveObjects: 0.482000 ms CreateObjectMapping: 0.084800 ms MarkObjects: 1.758100 ms  DeleteObjects: 0.098500 ms)

========================================================================
Received Import Request.
  Time since last request: 344.868141 seconds.
  path: Assets/Scripts/PowerupController.cs
  artifactKey: Guid(d0daa065d2179fa43ab38a05c5fd4452) Importer(815301076,1909f56bfc062723c751e8b465ee728b)
Start importing Assets/Scripts/PowerupController.cs using Guid(d0daa065d2179fa43ab38a05c5fd4452) Importer(815301076,1909f56bfc062723c751e8b465ee728b)  -> (artifact id: 'ba41d66ecabf1be77af6b97aeed87714') in 0.004999 seconds
  Import took 0.027829 seconds .

========================================================================
Received Import Request.
  Time since last request: 48.787018 seconds.
  path: Assets/Prefabs/Powerup/SpeedPowerup.prefab
  artifactKey: Guid(5dbabfb72f090fd4795c3b3d595fcce5) Importer(815301076,1909f56bfc062723c751e8b465ee728b)
Start importing Assets/Prefabs/Powerup/SpeedPowerup.prefab using Guid(5dbabfb72f090fd4795c3b3d595fcce5) Importer(815301076,1909f56bfc062723c751e8b465ee728b)  -> (artifact id: '214b12792b31251a2072ab908fe9c410') in 0.141346 seconds
  Import took 0.208297 seconds .

========================================================================
Received Import Request.
  Time since last request: 0.032336 seconds.
  path: Assets/Prefabs/Powerup/SpeedPowerup.prefab
  artifactKey: Guid(5dbabfb72f090fd4795c3b3d595fcce5) Importer(815301076,1909f56bfc062723c751e8b465ee728b)
Start importing Assets/Prefabs/Powerup/SpeedPowerup.prefab using Guid(5dbabfb72f090fd4795c3b3d595fcce5) Importer(815301076,1909f56bfc062723c751e8b465ee728b)  -> (artifact id: '214b12792b31251a2072ab908fe9c410') in 0.014022 seconds
  Import took 0.019341 seconds .

========================================================================
Received Prepare
Registering precompiled user dll's ...
Registered in 0.001491 seconds.
Begin MonoManager ReloadAssembly
Native extension for WindowsStandalone target not found
Native extension for WebGL target not found
Refreshing native plugins compatible for Editor in 0.33 ms, found 1 plugins.
Preloading 0 native plugins for Editor in 0.00 ms.
Mono: successfully reloaded assembly
- Completed reload, in  0.915 seconds
Platform modules already initialized, skipping
Refreshing native plugins compatible for Editor in 0.45 ms, found 1 plugins.
Preloading 0 native plugins for Editor in 0.00 ms.
Unloading 1955 Unused Serialized files (Serialized files now loaded: 0)
System memory in use before: 94.3 MB.
System memory in use after: 94.3 MB.

Unloading 13 unused Assets to reduce memory usage. Loaded Objects now: 2436.
Total: 1.923300 ms (FindLiveObjects: 0.193100 ms CreateObjectMapping: 0.072800 ms MarkObjects: 1.521600 ms  DeleteObjects: 0.134900 ms)

========================================================================
Received Import Request.
  Time since last request: 144.076725 seconds.
  path: Assets/Prefabs/Powerup/HealthPowerup.prefab
  artifactKey: Guid(272048840ad06894db1deb98bdb2802b) Importer(815301076,1909f56bfc062723c751e8b465ee728b)
Start importing Assets/Prefabs/Powerup/HealthPowerup.prefab using Guid(272048840ad06894db1deb98bdb2802b) Importer(815301076,1909f56bfc062723c751e8b465ee728b)  -> (artifact id: 'b3d1bab57144ece586228dab65bf6231') in 0.055060 seconds
  Import took 0.079424 seconds .

========================================================================
Received Prepare
Registering precompiled user dll's ...
Registered in 0.002055 seconds.
Begin MonoManager ReloadAssembly
Native extension for WindowsStandalone target not found
Native extension for WebGL target not found
Refreshing native plugins compatible for Editor in 0.37 ms, found 1 plugins.
Preloading 0 native plugins for Editor in 0.00 ms.
Mono: successfully reloaded assembly
- Completed reload, in  1.104 seconds
Platform modules already initialized, skipping
Refreshing native plugins compatible for Editor in 0.45 ms, found 1 plugins.
Preloading 0 native plugins for Editor in 0.00 ms.
Unloading 1955 Unused Serialized files (Serialized files now loaded: 0)
System memory in use before: 94.4 MB.
System memory in use after: 94.3 MB.

Unloading 13 unused Assets to reduce memory usage. Loaded Objects now: 2441.
Total: 2.881300 ms (FindLiveObjects: 0.399000 ms CreateObjectMapping: 0.223200 ms MarkObjects: 2.149800 ms  DeleteObjects: 0.107900 ms)

========================================================================
Received Import Request.
  Time since last request: 24.007316 seconds.
  path: Assets/Prefabs/Powerup/HealthPowerup.prefab
  artifactKey: Guid(272048840ad06894db1deb98bdb2802b) Importer(815301076,1909f56bfc062723c751e8b465ee728b)
Start importing Assets/Prefabs/Powerup/HealthPowerup.prefab using Guid(272048840ad06894db1deb98bdb2802b) Importer(815301076,1909f56bfc062723c751e8b465ee728b)  -> (artifact id: 'e29dfff36a83d7314194754dd3ba81cb') in 0.049373 seconds
  Import took 0.065714 seconds .

========================================================================
Received Import Request.
  Time since last request: 0.022094 seconds.
  path: Assets/Prefabs/Powerup/HealthPowerup.prefab
  artifactKey: Guid(272048840ad06894db1deb98bdb2802b) Importer(815301076,1909f56bfc062723c751e8b465ee728b)
Start importing Assets/Prefabs/Powerup/HealthPowerup.prefab using Guid(272048840ad06894db1deb98bdb2802b) Importer(815301076,1909f56bfc062723c751e8b465ee728b)  -> (artifact id: 'e29dfff36a83d7314194754dd3ba81cb') in 0.009831 seconds
  Import took 0.013679 seconds .

========================================================================
Received Prepare
Registering precompiled user dll's ...
Registered in 0.001441 seconds.
Begin MonoManager ReloadAssembly
Native extension for WindowsStandalone target not found
Native extension for WebGL target not found
Refreshing native plugins compatible for Editor in 0.36 ms, found 1 plugins.
Preloading 0 native plugins for Editor in 0.00 ms.
Mono: successfully reloaded assembly
- Completed reload, in  1.152 seconds
Platform modules already initialized, skipping
Refreshing native plugins compatible for Editor in 0.42 ms, found 1 plugins.
Preloading 0 native plugins for Editor in 0.00 ms.
Unloading 1955 Unused Serialized files (Serialized files now loaded: 0)
System memory in use before: 94.4 MB.
System memory in use after: 94.4 MB.

Unloading 13 unused Assets to reduce memory usage. Loaded Objects now: 2446.
Total: 2.247700 ms (FindLiveObjects: 0.254900 ms CreateObjectMapping: 0.104300 ms MarkObjects: 1.763000 ms  DeleteObjects: 0.124300 ms)

========================================================================
Received Import Request.
  Time since last request: 54.054624 seconds.
  path: Assets/Prefabs/Powerup/HealthPowerup.prefab
  artifactKey: Guid(272048840ad06894db1deb98bdb2802b) Importer(815301076,1909f56bfc062723c751e8b465ee728b)
Start importing Assets/Prefabs/Powerup/HealthPowerup.prefab using Guid(272048840ad06894db1deb98bdb2802b) Importer(815301076,1909f56bfc062723c751e8b465ee728b)  -> (artifact id: '89f44fd5bc9e09196943e3c5f2638a31') in 0.055114 seconds
  Import took 0.058725 seconds .

========================================================================
Received Import Request.
  Time since last request: 0.036118 seconds.
  path: Assets/Prefabs/Powerup/HealthPowerup.prefab
  artifactKey: Guid(272048840ad06894db1deb98bdb2802b) Importer(815301076,1909f56bfc062723c751e8b465ee728b)
Start importing Assets/Prefabs/Powerup/HealthPowerup.prefab using Guid(272048840ad06894db1deb98bdb2802b) Importer(815301076,1909f56bfc062723c751e8b465ee728b)  -> (artifact id: '89f44fd5bc9e09196943e3c5f2638a31') in 0.008986 seconds
  Import took 0.011898 seconds .

========================================================================
Received Import Request.
  Time since last request: 25.042436 seconds.
  path: Assets/Prefabs/Powerup/SpeedPowerup.prefab
  artifactKey: Guid(5dbabfb72f090fd4795c3b3d595fcce5) Importer(815301076,1909f56bfc062723c751e8b465ee728b)
Start importing Assets/Prefabs/Powerup/SpeedPowerup.prefab using Guid(5dbabfb72f090fd4795c3b3d595fcce5) Importer(815301076,1909f56bfc062723c751e8b465ee728b)  -> (artifact id: '30e57dfaf238a3ec1f8fa030928a0839') in 0.008332 seconds
  Import took 0.021926 seconds .

========================================================================
Received Import Request.
  Time since last request: 4.153539 seconds.
  path: Assets/Prefabs/Powerup/SpeedPowerup.prefab
  artifactKey: Guid(5dbabfb72f090fd4795c3b3d595fcce5) Importer(815301076,1909f56bfc062723c751e8b465ee728b)
Start importing Assets/Prefabs/Powerup/SpeedPowerup.prefab using Guid(5dbabfb72f090fd4795c3b3d595fcce5) Importer(815301076,1909f56bfc062723c751e8b465ee728b)  -> (artifact id: 'e1bcaa28b3778fbf4837d05273abb4e9') in 0.008635 seconds
  Import took 0.011547 seconds .

========================================================================
Received Prepare
Registering precompiled user dll's ...
Registered in 0.001437 seconds.
Begin MonoManager ReloadAssembly
Native extension for WindowsStandalone target not found
Native extension for WebGL target not found
Refreshing native plugins compatible for Editor in 0.55 ms, found 1 plugins.
Preloading 0 native plugins for Editor in 0.00 ms.
Mono: successfully reloaded assembly
- Completed reload, in  0.956 seconds
Platform modules already initialized, skipping
Refreshing native plugins compatible for Editor in 0.36 ms, found 1 plugins.
Preloading 0 native plugins for Editor in 0.00 ms.
Unloading 1955 Unused Serialized files (Serialized files now loaded: 0)
System memory in use before: 94.4 MB.
System memory in use after: 94.4 MB.

Unloading 13 unused Assets to reduce memory usage. Loaded Objects now: 2451.
Total: 2.217800 ms (FindLiveObjects: 0.275200 ms CreateObjectMapping: 0.078000 ms MarkObjects: 1.764300 ms  DeleteObjects: 0.099100 ms)

========================================================================
Received Import Request.
  Time since last request: 11.691177 seconds.
  path: Assets/Prefabs/Powerup/HealthPowerup.prefab
  artifactKey: Guid(272048840ad06894db1deb98bdb2802b) Importer(815301076,1909f56bfc062723c751e8b465ee728b)
Start importing Assets/Prefabs/Powerup/HealthPowerup.prefab using Guid(272048840ad06894db1deb98bdb2802b) Importer(815301076,1909f56bfc062723c751e8b465ee728b)  -> (artifact id: '40e093a8da044d6cdcac87a5502644ba') in 0.056532 seconds
  Import took 0.101320 seconds .

========================================================================
Received Import Request.
  Time since last request: 36.985779 seconds.
  path: Assets/Prefabs/Powerup/SpeedPowerup.prefab
  artifactKey: Guid(5dbabfb72f090fd4795c3b3d595fcce5) Importer(815301076,1909f56bfc062723c751e8b465ee728b)
Start importing Assets/Prefabs/Powerup/SpeedPowerup.prefab using Guid(5dbabfb72f090fd4795c3b3d595fcce5) Importer(815301076,1909f56bfc062723c751e8b465ee728b)  -> (artifact id: '829e0f7bf734d49f2a596cc6e84e6a64') in 0.009177 seconds
  Import took 0.012537 seconds .

========================================================================
Received Import Request.
  Time since last request: 663.610492 seconds.
  path: Assets/Scenes/TitleScreen.unity
  artifactKey: Guid(46e9ac72fe5a83a4e82d26be0c5eedef) Importer(815301076,1909f56bfc062723c751e8b465ee728b)
Start importing Assets/Scenes/TitleScreen.unity using Guid(46e9ac72fe5a83a4e82d26be0c5eedef) Importer(815301076,1909f56bfc062723c751e8b465ee728b)  -> (artifact id: 'fb06d98d36618a4ff5a8ca8aa6247b7d') in 0.004623 seconds
  Import took 0.041682 seconds .

========================================================================
Received Import Request.
  Time since last request: 462.442065 seconds.
  path: Assets/Fantasy Wooden GUI  Free/normal_ui_set A/TextBTN_Big.png
  artifactKey: Guid(2be7b70e984b51444aca9c12ae4723a7) Importer(815301076,1909f56bfc062723c751e8b465ee728b)
Start importing Assets/Fantasy Wooden GUI  Free/normal_ui_set A/TextBTN_Big.png using Guid(2be7b70e984b51444aca9c12ae4723a7) Importer(815301076,1909f56bfc062723c751e8b465ee728b)  -> (artifact id: '00fe2fd1bf68475a8569018cf2b01060') in 0.183643 seconds
  Import took 0.190079 seconds .

========================================================================
Received Import Request.
  Time since last request: 7.386806 seconds.
  path: Assets/Fantasy Wooden GUI  Free/normal_ui_set A/TextBTN_Big_Pressed.png
  artifactKey: Guid(d6a1673a31851fd4395c287261da36e4) Importer(815301076,1909f56bfc062723c751e8b465ee728b)
Start importing Assets/Fantasy Wooden GUI  Free/normal_ui_set A/TextBTN_Big_Pressed.png using Guid(d6a1673a31851fd4395c287261da36e4) Importer(815301076,1909f56bfc062723c751e8b465ee728b)  -> (artifact id: 'd76056dece30b687ddbbd555d50ab9f7') in 0.010241 seconds
  Import took 0.030484 seconds .

========================================================================
Received Import Request.
  Time since last request: 0.610150 seconds.
  path: Assets/Fantasy Wooden GUI  Free/normal_ui_set A/TextBTN_Cancel.png
  artifactKey: Guid(480144379cc9c7d47a8e19f58b0e6ee3) Importer(815301076,1909f56bfc062723c751e8b465ee728b)
Start importing Assets/Fantasy Wooden GUI  Free/normal_ui_set A/TextBTN_Cancel.png using Guid(480144379cc9c7d47a8e19f58b0e6ee3) Importer(815301076,1909f56bfc062723c751e8b465ee728b)  -> (artifact id: '61f27963f6da8182ab009f2f60009dff') in 0.011640 seconds
  Import took 0.024816 seconds .

========================================================================
Received Import Request.
  Time since last request: 1.961916 seconds.
  path: Assets/Fantasy Wooden GUI  Free/normal_ui_set A/TextBTN_Medium.png
  artifactKey: Guid(efee20b64d1e73942a29ba61ce3379c3) Importer(815301076,1909f56bfc062723c751e8b465ee728b)
Start importing Assets/Fantasy Wooden GUI  Free/normal_ui_set A/TextBTN_Medium.png using Guid(efee20b64d1e73942a29ba61ce3379c3) Importer(815301076,1909f56bfc062723c751e8b465ee728b)  -> (artifact id: 'b452b244809f0067fde02808a7becfb9') in 0.010657 seconds
  Import took 0.014161 seconds .

========================================================================
Received Import Request.
  Time since last request: 0.974969 seconds.
  path: Assets/Fantasy Wooden GUI  Free/normal_ui_set A/TextBTN_New-Start.png
  artifactKey: Guid(ca45d178d188e034aa96a68aceeef41b) Importer(815301076,1909f56bfc062723c751e8b465ee728b)
Start importing Assets/Fantasy Wooden GUI  Free/normal_ui_set A/TextBTN_New-Start.png using Guid(ca45d178d188e034aa96a68aceeef41b) Importer(815301076,1909f56bfc062723c751e8b465ee728b)  -> (artifact id: '193e3aaab1a8ac5f5a0a48b7c01d69a1') in 0.010430 seconds
  Import took 0.013765 seconds .

========================================================================
Received Import Request.
  Time since last request: 195.446927 seconds.
  path: Assets/Fantasy Wooden GUI  Free/normal_ui_set A
  artifactKey: Guid(fb0793ba43ead8c4a89d62e19ce3e04e) Importer(815301076,1909f56bfc062723c751e8b465ee728b)
Start importing Assets/Fantasy Wooden GUI  Free/normal_ui_set A using Guid(fb0793ba43ead8c4a89d62e19ce3e04e) Importer(815301076,1909f56bfc062723c751e8b465ee728b)  -> (artifact id: '54459097da96198a9b8fb7e5faf05878') in 0.003121 seconds
  Import took 0.153528 seconds .

========================================================================
Received Import Request.
  Time since last request: 4.284141 seconds.
  path: Assets/Fantasy Wooden GUI  Free/normal_ui_set A/1_normal_ui_set free.psd
  artifactKey: Guid(1ab331a196bae1046b7a75ed7e3f6b46) Importer(815301076,1909f56bfc062723c751e8b465ee728b)
Start importing Assets/Fantasy Wooden GUI  Free/normal_ui_set A/1_normal_ui_set free.psd using Guid(1ab331a196bae1046b7a75ed7e3f6b46) Importer(815301076,1909f56bfc062723c751e8b465ee728b)  -> (artifact id: 'b6672779b6385a2e42e829dbb4db5ebd') in 0.053977 seconds
  Import took 0.058354 seconds .

========================================================================
Received Import Request.
  Time since last request: 22.282132 seconds.
  path: Assets/Fonts
  artifactKey: Guid(e83de4149fa69ef41836d1bc72501ae0) Importer(815301076,1909f56bfc062723c751e8b465ee728b)
Start importing Assets/Fonts using Guid(e83de4149fa69ef41836d1bc72501ae0) Importer(815301076,1909f56bfc062723c751e8b465ee728b)  -> (artifact id: '58720e9aeae5df2a72d67052854778f3') in 0.004174 seconds
  Import took 0.012411 seconds .

========================================================================
Received Import Request.
  Time since last request: 965.766258 seconds.
  path: Assets/Fantasy Wooden GUI  Free/normal_ui_set A/UI board Large  parchment.png
  artifactKey: Guid(43a7d98bd4222b64e933596512dc09ad) Importer(815301076,1909f56bfc062723c751e8b465ee728b)
Start importing Assets/Fantasy Wooden GUI  Free/normal_ui_set A/UI board Large  parchment.png using Guid(43a7d98bd4222b64e933596512dc09ad) Importer(815301076,1909f56bfc062723c751e8b465ee728b)  -> (artifact id: 'a9d802c0312900ec2934921290f2cc79') in 0.022983 seconds
  Import took 0.026388 seconds .

========================================================================
Received Import Request.
  Time since last request: 7.800105 seconds.
  path: Assets/Fantasy Wooden GUI  Free/normal_ui_set A/UI board Medium  parchment.png
  artifactKey: Guid(cf1462bc694c3c249831ad8ac5293aa2) Importer(815301076,1909f56bfc062723c751e8b465ee728b)
Start importing Assets/Fantasy Wooden GUI  Free/normal_ui_set A/UI board Medium  parchment.png using Guid(cf1462bc694c3c249831ad8ac5293aa2) Importer(815301076,1909f56bfc062723c751e8b465ee728b)  -> (artifact id: 'f32819d5f36e120ca98a5b01062b1c80') in 0.013860 seconds
  Import took 0.036396 seconds .

========================================================================
Received Prepare
Registering precompiled user dll's ...
Registered in 0.001563 seconds.
Begin MonoManager ReloadAssembly
Native extension for WindowsStandalone target not found
Native extension for WebGL target not found
Refreshing native plugins compatible for Editor in 0.36 ms, found 1 plugins.
Preloading 0 native plugins for Editor in 0.00 ms.
Mono: successfully reloaded assembly
- Completed reload, in  0.988 seconds
Platform modules already initialized, skipping
Refreshing native plugins compatible for Editor in 0.36 ms, found 1 plugins.
Preloading 0 native plugins for Editor in 0.00 ms.
Unloading 1956 Unused Serialized files (Serialized files now loaded: 0)
System memory in use before: 94.5 MB.
System memory in use after: 94.5 MB.

Unloading 13 unused Assets to reduce memory usage. Loaded Objects now: 2470.
Total: 2.155600 ms (FindLiveObjects: 0.207400 ms CreateObjectMapping: 0.072800 ms MarkObjects: 1.775200 ms  DeleteObjects: 0.099500 ms)

========================================================================
Received Import Request.
  Time since last request: 1544.285007 seconds.
  path: Assets/Scripts/GameManager.cs
  artifactKey: Guid(597a37093524e314887d12fc1de4d88c) Importer(815301076,1909f56bfc062723c751e8b465ee728b)
Start importing Assets/Scripts/GameManager.cs using Guid(597a37093524e314887d12fc1de4d88c) Importer(815301076,1909f56bfc062723c751e8b465ee728b)  -> (artifact id: '6221c943ab19fdc3a3382bbc169b4567') in 0.005602 seconds
  Import took 0.008783 seconds .

========================================================================
Received Prepare
Registering precompiled user dll's ...
Registered in 0.001626 seconds.
Begin MonoManager ReloadAssembly
Native extension for WindowsStandalone target not found
Native extension for WebGL target not found
Refreshing native plugins compatible for Editor in 0.36 ms, found 1 plugins.
Preloading 0 native plugins for Editor in 0.00 ms.
Mono: successfully reloaded assembly
- Completed reload, in  0.901 seconds
Platform modules already initialized, skipping
Refreshing native plugins compatible for Editor in 0.34 ms, found 1 plugins.
Preloading 0 native plugins for Editor in 0.00 ms.
Unloading 1956 Unused Serialized files (Serialized files now loaded: 0)
System memory in use before: 94.5 MB.
System memory in use after: 94.5 MB.

Unloading 13 unused Assets to reduce memory usage. Loaded Objects now: 2474.
Total: 2.167200 ms (FindLiveObjects: 0.200600 ms CreateObjectMapping: 0.083100 ms MarkObjects: 1.774100 ms  DeleteObjects: 0.108300 ms)

========================================================================
Received Prepare
Registering precompiled user dll's ...
Registered in 0.001635 seconds.
Begin MonoManager ReloadAssembly
Native extension for WindowsStandalone target not found
Native extension for WebGL target not found
Refreshing native plugins compatible for Editor in 0.34 ms, found 1 plugins.
Preloading 0 native plugins for Editor in 0.00 ms.
Mono: successfully reloaded assembly
- Completed reload, in  0.886 seconds
Platform modules already initialized, skipping
Refreshing native plugins compatible for Editor in 0.34 ms, found 1 plugins.
Preloading 0 native plugins for Editor in 0.00 ms.
Unloading 1956 Unused Serialized files (Serialized files now loaded: 0)
System memory in use before: 94.5 MB.
System memory in use after: 94.5 MB.

Unloading 13 unused Assets to reduce memory usage. Loaded Objects now: 2478.
Total: 2.355900 ms (FindLiveObjects: 0.311500 ms CreateObjectMapping: 0.079800 ms MarkObjects: 1.763400 ms  DeleteObjects: 0.199600 ms)

========================================================================
Received Import Request.
  Time since last request: 86.034945 seconds.
  path: Assets/Scripts/GameManager.cs
  artifactKey: Guid(597a37093524e314887d12fc1de4d88c) Importer(815301076,1909f56bfc062723c751e8b465ee728b)
Start importing Assets/Scripts/GameManager.cs using Guid(597a37093524e314887d12fc1de4d88c) Importer(815301076,1909f56bfc062723c751e8b465ee728b)  -> (artifact id: 'bceb58a1aa04fe712314901059ee9f40') in 0.005354 seconds
  Import took 0.008282 seconds .

========================================================================
Received Import Request.
  Time since last request: 0.017328 seconds.
  path: Assets/Scripts/GameManager.cs
  artifactKey: Guid(597a37093524e314887d12fc1de4d88c) Importer(815301076,1909f56bfc062723c751e8b465ee728b)
Start importing Assets/Scripts/GameManager.cs using Guid(597a37093524e314887d12fc1de4d88c) Importer(815301076,1909f56bfc062723c751e8b465ee728b)  -> (artifact id: 'bceb58a1aa04fe712314901059ee9f40') in 0.003171 seconds
  Import took 0.006128 seconds .

========================================================================
Received Import Request.
  Time since last request: 4177.818694 seconds.
  path: Assets/Scenes/Stage.unity
  artifactKey: Guid(8382daf9e3a53d34ba1979fbc2dec1f6) Importer(815301076,1909f56bfc062723c751e8b465ee728b)
Start importing Assets/Scenes/Stage.unity using Guid(8382daf9e3a53d34ba1979fbc2dec1f6) Importer(815301076,1909f56bfc062723c751e8b465ee728b)  -> (artifact id: 'c88fb3486cdc90e3db30486f012962c8') in 0.010563 seconds
  Import took 0.052978 seconds .

========================================================================
Received Prepare
Registering precompiled user dll's ...
Registered in 0.001646 seconds.
Begin MonoManager ReloadAssembly
Native extension for WindowsStandalone target not found
Native extension for WebGL target not found
Refreshing native plugins compatible for Editor in 0.34 ms, found 1 plugins.
Preloading 0 native plugins for Editor in 0.00 ms.
Mono: successfully reloaded assembly
- Completed reload, in  0.871 seconds
Platform modules already initialized, skipping
Refreshing native plugins compatible for Editor in 0.34 ms, found 1 plugins.
Preloading 0 native plugins for Editor in 0.00 ms.
Unloading 1956 Unused Serialized files (Serialized files now loaded: 0)
System memory in use before: 94.5 MB.
System memory in use after: 94.5 MB.

Unloading 13 unused Assets to reduce memory usage. Loaded Objects now: 2482.
Total: 2.272800 ms (FindLiveObjects: 0.294400 ms CreateObjectMapping: 0.080500 ms MarkObjects: 1.788700 ms  DeleteObjects: 0.108100 ms)

AssetImportWorkerClient::OnTransportError - code=2 error=End of file
